<?xml version="1.0" encoding="UTF-8"?>
<robot generator="Robot 3.1.2 (Python 3.7.6 on win32)" generated="20200315 13:42:50.957" rpa="false">
<suite id="s1" name="Suites">
<suite id="s1-s1" name="Suite2" source="C:\Users\fitim\IdeaProjects\PythonProject\.idea\com\python\pabot\Suite2.robot">
<test id="s1-s1-t1" name="Check the speed of your broadband">
<kw name="Open Browser" library="SeleniumLibrary">
<doc>Opens a new browser instance to the optional ``url``.</doc>
<arguments>
<arg>http://www.fast.com</arg>
<arg>chrome</arg>
</arguments>
<msg timestamp="20200315 13:42:51.760" level="INFO">Opening browser 'chrome' to base url 'http://www.fast.com'.</msg>
<status status="PASS" starttime="20200315 13:42:51.760" endtime="20200315 13:43:03.821"></status>
</kw>
<kw name="Sleep" library="BuiltIn">
<doc>Pauses the test executed for the given time.</doc>
<arguments>
<arg>10</arg>
</arguments>
<msg timestamp="20200315 13:43:13.849" level="INFO">Slept 10 seconds</msg>
<status status="PASS" starttime="20200315 13:43:03.822" endtime="20200315 13:43:13.850"></status>
</kw>
<kw name="Click Element" library="SeleniumLibrary">
<doc>Click the element identified by ``locator``.</doc>
<arguments>
<arg>id=speed-progress-indicator-icon</arg>
</arguments>
<msg timestamp="20200315 13:43:13.850" level="INFO">Clicking element 'id=speed-progress-indicator-icon'.</msg>
<status status="PASS" starttime="20200315 13:43:13.850" endtime="20200315 13:43:21.810"></status>
</kw>
<kw name="Sleep" library="BuiltIn">
<doc>Pauses the test executed for the given time.</doc>
<arguments>
<arg>10</arg>
</arguments>
<msg timestamp="20200315 13:43:31.812" level="INFO">Slept 10 seconds</msg>
<status status="PASS" starttime="20200315 13:43:21.811" endtime="20200315 13:43:31.812"></status>
</kw>
<kw name="Get Text" library="SeleniumLibrary">
<doc>Returns the text value of the element identified by ``locator``.</doc>
<arguments>
<arg>id=speed-value</arg>
</arguments>
<assign>
<var>${speed}</var>
</assign>
<msg timestamp="20200315 13:43:33.694" level="INFO">${speed} = 3.1</msg>
<status status="PASS" starttime="20200315 13:43:31.813" endtime="20200315 13:43:33.694"></status>
</kw>
<kw name="Close Browser" library="SeleniumLibrary">
<doc>Closes the current browser.</doc>
<status status="PASS" starttime="20200315 13:43:33.695" endtime="20200315 13:43:39.497"></status>
</kw>
<status status="PASS" starttime="20200315 13:42:51.759" endtime="20200315 13:43:39.498" critical="yes"></status>
</test>
<status status="PASS" starttime="20200315 13:42:51.105" endtime="20200315 13:43:39.500"></status>
</suite>
<status status="PASS" starttime="20200315 13:42:50.994" endtime="20200315 13:43:39.504"></status>
</suite>
<statistics>
<total>
<stat pass="1" fail="0">Critical Tests</stat>
<stat pass="1" fail="0">All Tests</stat>
</total>
<tag>
</tag>
<suite>
<stat pass="1" fail="0" id="s1" name="Suites">Suites</stat>
<stat pass="1" fail="0" id="s1-s1" name="Suite2">Suites.Suite2</stat>
</suite>
</statistics>
<errors>
</errors>
</robot>
