<?xml version="1.0" encoding="UTF-8"?>
<robot generator="Robot 3.2.1 (Python 3.7.6 on win32)" generated="20200521 14:33:39.746" rpa="false">
<suite id="s1" name="Suites">
<suite id="s1-s1" name="Suite2" source="C:\Users\fitim\IdeaProjects\PythonProject\PythonProject\testcases\pabot\Suite2.robot">
<test id="s1-s1-t1" name="Check the speed of your broadband">
<kw name="Open Browser" library="SeleniumLibrary">
<doc>Opens a new browser instance to the optional ``url``.</doc>
<arguments>
<arg>http://www.fast.com</arg>
<arg>chrome</arg>
<arg>headlesschrome</arg>
</arguments>
<msg timestamp="20200521 14:33:40.763" level="INFO">Opening browser 'chrome' to base url 'http://www.fast.com'.</msg>
<kw name="Capture Page Screenshot" library="SeleniumLibrary">
<doc>Takes a screenshot of the current page and embeds it into a log file.</doc>
<msg timestamp="20200521 14:33:49.262" level="INFO">Cannot capture screenshot because no browser is open.</msg>
<status status="PASS" starttime="20200521 14:33:49.261" endtime="20200521 14:33:49.262"></status>
</kw>
<msg timestamp="20200521 14:33:49.272" level="FAIL">SessionNotCreatedException: Message: session not created: This version of ChromeDriver only supports Chrome version 81
</msg>
<status status="FAIL" starttime="20200521 14:33:40.763" endtime="20200521 14:33:49.272"></status>
</kw>
<status status="FAIL" starttime="20200521 14:33:40.763" endtime="20200521 14:33:49.272" critical="yes">SessionNotCreatedException: Message: session not created: This version of ChromeDriver only supports Chrome version 81
</status>
</test>
<kw name="Close All Browsers" library="SeleniumLibrary" type="teardown">
<doc>Closes all open browsers and resets the browser cache.</doc>
<status status="PASS" starttime="20200521 14:33:49.275" endtime="20200521 14:33:49.276"></status>
</kw>
<status status="FAIL" starttime="20200521 14:33:39.873" endtime="20200521 14:33:49.276"></status>
</suite>
<status status="FAIL" starttime="20200521 14:33:39.746" endtime="20200521 14:33:49.279"></status>
</suite>
<statistics>
<total>
<stat pass="0" fail="1">Critical Tests</stat>
<stat pass="0" fail="1">All Tests</stat>
</total>
<tag>
</tag>
<suite>
<stat pass="0" fail="1" id="s1" name="Suites">Suites</stat>
<stat pass="0" fail="1" id="s1-s1" name="Suite2">Suites.Suite2</stat>
</suite>
</statistics>
<errors>
</errors>
</robot>
