<?xml version="1.0" encoding="UTF-8"?>
<robot generator="Robot 4.0.1 (Python 3.9.2 on win32)" generated="20220131 20:09:22.919" rpa="false" schemaversion="2">
<suite id="s1" name="robotTestSuite" source="C:\Users\fitim\IdeaProjects\PythonProject\PythonProject\testcases\robotTestSuite.robot">
<test id="s1-t1" name="CreateFakeSSN">
<kw name="Create Ssn" library="fake_ssn">
<var>${ret}</var>
<msg timestamp="20220131 20:09:30.369" level="INFO">180678-310K</msg>
<msg timestamp="20220131 20:09:30.369" level="INFO">${ret} = 180678-310K</msg>
<status status="PASS" starttime="20220131 20:09:30.369" endtime="20220131 20:09:30.369"/>
</kw>
<kw name="Log" library="BuiltIn">
<arg>${ret}</arg>
<doc>Logs the given message with the given level.</doc>
<msg timestamp="20220131 20:09:30.369" level="INFO">180678-310K</msg>
<status status="PASS" starttime="20220131 20:09:30.369" endtime="20220131 20:09:30.369"/>
</kw>
<status status="PASS" starttime="20220131 20:09:30.369" endtime="20220131 20:09:30.369"/>
</test>
<status status="PASS" starttime="20220131 20:09:22.935" endtime="20220131 20:09:30.385"/>
</suite>
<statistics>
<total>
<stat pass="1" fail="0" skip="0">All Tests</stat>
</total>
<tag>
</tag>
<suite>
<stat pass="1" fail="0" skip="0" id="s1" name="robotTestSuite">robotTestSuite</stat>
</suite>
</statistics>
<errors>
</errors>
</robot>
