<?xml version="1.0" encoding="UTF-8"?>
<robot generator="Robot 4.0.1 (Python 3.9.2 on win32)" generated="20211019 21:17:19.601" rpa="false" schemaversion="2">
<suite id="s1" name="robotTestSuite" source="C:\Users\fitim\IdeaProjects\PythonProject\PythonProject\testcases\robotTestSuite.robot">
<test id="s1-t1" name="Inline Python">
<kw name="Set Variable" library="BuiltIn">
<var>${what}</var>
<arg>['hello;', 'world;']</arg>
<doc>Returns the given values which can then be assigned to a variables.</doc>
<msg timestamp="20211019 21:17:26.127" level="INFO">${what} = ['hello;', 'world;']</msg>
<status status="PASS" starttime="20211019 21:17:26.116" endtime="20211019 21:17:26.127"/>
</kw>
<kw name="Log To Console" library="BuiltIn">
<arg>${{" ".join(${what})}}</arg>
<doc>Logs the given message to the console.</doc>
<status status="PASS" starttime="20211019 21:17:26.127" endtime="20211019 21:17:26.127"/>
</kw>
<kw name="Get Current Date" library="DateTime">
<var>${epoc}</var>
<arg>result_format=epoch</arg>
<doc>Returns current local or UTC time with an optional increment.</doc>
<msg timestamp="20211019 21:17:26.127" level="INFO">${epoc} = 1634667446.126546</msg>
<status status="PASS" starttime="20211019 21:17:26.127" endtime="20211019 21:17:26.127"/>
</kw>
<kw name="Convert To String" library="BuiltIn">
<var>${epoc}</var>
<arg>${epoc}</arg>
<doc>Converts the given item to a Unicode string.</doc>
<msg timestamp="20211019 21:17:26.127" level="INFO">${epoc} = 1634667446.126546</msg>
<status status="PASS" starttime="20211019 21:17:26.127" endtime="20211019 21:17:26.127"/>
</kw>
<kw name="Get Regexp Matches" library="String">
<var>@{matches}</var>
<arg>${epoc}</arg>
<arg>(..........).(...)</arg>
<arg>1</arg>
<arg>2</arg>
<doc>Returns a list of all non-overlapping matches in the given string.</doc>
<msg timestamp="20211019 21:17:26.135" level="INFO">@{matches} = [ ('1634667446', '126') ]</msg>
<status status="PASS" starttime="20211019 21:17:26.127" endtime="20211019 21:17:26.135"/>
</kw>
<kw name="Set Variable" library="BuiltIn">
<var>${line}</var>
<arg>aaaaaaaaaaaaaaaaaaaaaaaaaaaaaaaaaaaaaaaaaaaaaaaaaaaaaaaaaaaaaaaaaaaaaaaaaaaaaaaaaaaaaaaaaaaaaaaaaaaa</arg>
<doc>Returns the given values which can then be assigned to a variables.</doc>
<msg timestamp="20211019 21:17:26.137" level="INFO">${line} = aaaaaaaaaaaaaaaaaaaaaaaaaaaaaaaaaaaaaaaaaaaaaaaaaaaaaaaaaaaaaaaaaaaaaaaaaaaaaaaaaaaaaaaaaaaaaaaaaaaa</msg>
<status status="PASS" starttime="20211019 21:17:26.137" endtime="20211019 21:17:26.137"/>
</kw>
<kw name="Log To Console" library="BuiltIn">
<arg>@{matches}</arg>
<doc>Logs the given message to the console.</doc>
<status status="PASS" starttime="20211019 21:17:26.137" endtime="20211019 21:17:26.137"/>
</kw>
<for flavor="IN">
<var>${match}</var>
<value>@{matches}</value>
<iter>
<var name="${match}">('1634667446', '126')</var>
<kw name="Set Variable" library="BuiltIn">
<var>${first}</var>
<var>${second}</var>
<arg>${match}</arg>
<doc>Returns the given values which can then be assigned to a variables.</doc>
<msg timestamp="20211019 21:17:26.137" level="INFO">${first} = 1634667446</msg>
<msg timestamp="20211019 21:17:26.137" level="INFO">${second} = 126</msg>
<status status="PASS" starttime="20211019 21:17:26.137" endtime="20211019 21:17:26.137"/>
</kw>
<kw name="Log To Console" library="BuiltIn">
<arg>${first}</arg>
<arg>${second}</arg>
<doc>Logs the given message to the console.</doc>
<status status="PASS" starttime="20211019 21:17:26.145" endtime="20211019 21:17:26.147"/>
</kw>
<status status="PASS" starttime="20211019 21:17:26.137" endtime="20211019 21:17:26.147"/>
</iter>
<status status="PASS" starttime="20211019 21:17:26.137" endtime="20211019 21:17:26.147"/>
</for>
<kw name="Catenate" library="BuiltIn">
<var>${result}</var>
<arg>SEPARATOR=</arg>
<arg>${first}</arg>
<arg>${second}</arg>
<doc>Catenates the given items together and returns the resulted string.</doc>
<msg timestamp="20211019 21:17:26.147" level="INFO">${result} = 1634667446126</msg>
<status status="PASS" starttime="20211019 21:17:26.147" endtime="20211019 21:17:26.147"/>
</kw>
<kw name="Log To Console" library="BuiltIn">
<arg>${result}</arg>
<doc>Logs the given message to the console.</doc>
<status status="PASS" starttime="20211019 21:17:26.147" endtime="20211019 21:17:26.147"/>
</kw>
<kw name="Log To Console" library="BuiltIn">
<arg>${line}</arg>
<doc>Logs the given message to the console.</doc>
<status status="PASS" starttime="20211019 21:17:26.147" endtime="20211019 21:17:26.155"/>
</kw>
<kw name="Log To Console" library="BuiltIn">
<arg>${{datetime.datetime.fromtimestamp(${first}).strftime('%Y-%m-%d %H:%M:%S') }}</arg>
<doc>Logs the given message to the console.</doc>
<status status="PASS" starttime="20211019 21:17:26.155" endtime="20211019 21:17:26.157"/>
</kw>
<kw name="Log To Console" library="BuiltIn">
<arg>${{ time.strftime("%Y-%m-%d %H:%M:%S", time.gmtime(${first})) }}</arg>
<doc>Logs the given message to the console.</doc>
<status status="PASS" starttime="20211019 21:17:26.157" endtime="20211019 21:17:26.157"/>
</kw>
<kw name="Log To Console" library="BuiltIn">
<arg>${{{x:2**x for x in range(1,6)}}}</arg>
<doc>Logs the given message to the console.</doc>
<status status="PASS" starttime="20211019 21:17:26.157" endtime="20211019 21:17:26.157"/>
</kw>
<kw name="Set Variable" library="BuiltIn">
<var>${BuildSqlQuery}</var>
<arg>["use db1;delete from t1;","use db2;delete from t2;","use db3;delete from t3;"]</arg>
<doc>Returns the given values which can then be assigned to a variables.</doc>
<msg timestamp="20211019 21:17:26.157" level="INFO">${BuildSqlQuery} = ["use db1;delete from t1;","use db2;delete from t2;","use db3;delete from t3;"]</msg>
<status status="PASS" starttime="20211019 21:17:26.157" endtime="20211019 21:17:26.157"/>
</kw>
<kw name="Log To Console" library="BuiltIn">
<arg>${{" ".join(${BuildSqlQuery})}}</arg>
<doc>Logs the given message to the console.</doc>
<status status="PASS" starttime="20211019 21:17:26.157" endtime="20211019 21:17:26.167"/>
</kw>
<kw name="Get Current Date" library="DateTime">
<var>${dd}</var>
<arg>result_format=epoch</arg>
<doc>Returns current local or UTC time with an optional increment.</doc>
<msg timestamp="20211019 21:17:26.167" level="INFO">${dd} = 1634667446.166893</msg>
<status status="PASS" starttime="20211019 21:17:26.167" endtime="20211019 21:17:26.167"/>
</kw>
<kw name="Log To Console" library="BuiltIn">
<arg>${dd}</arg>
<doc>Logs the given message to the console.</doc>
<status status="PASS" starttime="20211019 21:17:26.167" endtime="20211019 21:17:26.167"/>
</kw>
<kw name="Log To Console" library="BuiltIn">
<arg>${{str(${dd})[:14].replace('.','')}}</arg>
<doc>Logs the given message to the console.</doc>
<status status="PASS" starttime="20211019 21:17:26.167" endtime="20211019 21:17:26.167"/>
</kw>
<kw name="Get Current Date" library="DateTime">
<var>${d}</var>
<arg>result_format=epoch</arg>
<arg>exclude_millis=yes</arg>
<doc>Returns current local or UTC time with an optional increment.</doc>
<msg timestamp="20211019 21:17:26.167" level="INFO">${d} = 1634667446.0</msg>
<status status="PASS" starttime="20211019 21:17:26.167" endtime="20211019 21:17:26.167"/>
</kw>
<kw name="Log To Console" library="BuiltIn">
<arg>${{int(${d})}}</arg>
<doc>Logs the given message to the console.</doc>
<status status="PASS" starttime="20211019 21:17:26.167" endtime="20211019 21:17:26.175"/>
</kw>
<kw name="Get Current Date" library="DateTime">
<var>${date}</var>
<arg>result_format=%Y</arg>
<doc>Returns current local or UTC time with an optional increment.</doc>
<msg timestamp="20211019 21:17:26.175" level="INFO">${date} = 2021</msg>
<status status="PASS" starttime="20211019 21:17:26.175" endtime="20211019 21:17:26.175"/>
</kw>
<kw name="Log To Console" library="BuiltIn">
<arg>${{datetime.date(${date}, 1, 1).strftime('%m/%d/%Y')}}</arg>
<doc>Logs the given message to the console.</doc>
<status status="PASS" starttime="20211019 21:17:26.175" endtime="20211019 21:17:26.175"/>
</kw>
<kw name="Log To Console" library="BuiltIn">
<arg>${variable}[ADMIN][name]</arg>
<doc>Logs the given message to the console.</doc>
<status status="PASS" starttime="20211019 21:17:26.175" endtime="20211019 21:17:26.175"/>
</kw>
<tag>smoke</tag>
<status status="PASS" starttime="20211019 21:17:26.116" endtime="20211019 21:17:26.175"/>
</test>
<kw name="Close All Browsers" library="SeleniumLibrary" type="TEARDOWN">
<doc>Closes all open browsers and resets the browser cache.</doc>
<status status="PASS" starttime="20211019 21:17:26.175" endtime="20211019 21:17:26.175"/>
</kw>
<status status="PASS" starttime="20211019 21:17:19.603" endtime="20211019 21:17:26.175"/>
</suite>
<statistics>
<total>
<stat pass="1" fail="0" skip="0">All Tests</stat>
</total>
<tag>
<stat pass="1" fail="0" skip="0">smoke</stat>
</tag>
<suite>
<stat pass="1" fail="0" skip="0" id="s1" name="robotTestSuite">robotTestSuite</stat>
</suite>
</statistics>
<errors>
</errors>
</robot>
