<?xml version="1.0" encoding="UTF-8"?>
<robot generator="Rebot 3.2.1 (Python 3.7.6 on win32)" generated="20200521 14:33:51.150" rpa="false">
<suite id="s1" name="Suites">
<suite id="s1-s1" name="Parse-Logs" source="C:\Users\fitim\IdeaProjects\PythonProject\PythonProject\testcases\pabot\parse-logs.robot">
<test id="s1-s1-t1" name="Parse-TCS-BANK-Log">
<kw name="bank-log-parser" library="ParseLogKeywords">
<kw name="get_log_values">
<arguments>
<arg>C:\\Users\\fitim\\IdeaProjects\\PythonProject\\PythonProject\\keywords${/}fi-point.log.2020-02-24.txt</arg>
</arguments>
<assign>
<var>${result}</var>
</assign>
<msg timestamp="20200521 14:33:41.631" level="FAIL">No keyword with name 'get_log_values' found. Did you mean:
    parser_log.Get Values</msg>
<status status="FAIL" starttime="20200521 14:33:41.631" endtime="20200521 14:33:41.631"></status>
</kw>
<status status="FAIL" starttime="20200521 14:33:41.600" endtime="20200521 14:33:41.631"></status>
</kw>
<status status="FAIL" starttime="20200521 14:33:41.584" endtime="20200521 14:33:41.631" critical="yes">No keyword with name 'get_log_values' found. Did you mean:
    parser_log.Get Values</status>
</test>
<test id="s1-s1-t2" name="LogParser">
<kw name="parseLogFile" library="ParseLogKeywords">
<kw name="Create List" library="BuiltIn">
<doc>Returns a list containing given items.</doc>
<assign>
<var>${list}</var>
</assign>
<msg timestamp="20200521 14:33:41.631" level="INFO">${list} = []</msg>
<status status="PASS" starttime="20200521 14:33:41.631" endtime="20200521 14:33:41.631"></status>
</kw>
<kw name="Get Unique Task Names" library="parser_log">
<arguments>
<arg>C:\\Users\\fitim\\IdeaProjects\\PythonProject\\PythonProject\\keywords${/}tasks_log.txt</arg>
</arguments>
<assign>
<var>${list}</var>
</assign>
<msg timestamp="20200521 14:33:41.631" level="INFO">${list} = {'CBasePersistableEntity', 'CLiveIdSession', 'CTransportThread', 'CPresenceSubscription', 'TransportUtilityFunctions', 'CPushNotificationSynchronizer', 'CUcwaAutoDiscoveryService', 'CPersonsAndGroupsD...</msg>
<status status="PASS" starttime="20200521 14:33:41.631" endtime="20200521 14:33:41.631"></status>
</kw>
<kw name="Log" library="BuiltIn">
<doc>Logs the given message with the given level.</doc>
<arguments>
<arg>${list}</arg>
</arguments>
<msg timestamp="20200521 14:33:41.631" level="INFO">{'CBasePersistableEntity', 'CLiveIdSession', 'CTransportThread', 'CPresenceSubscription', 'TransportUtilityFunctions', 'CPushNotificationSynchronizer', 'CUcwaAutoDiscoveryService', 'CPersonsAndGroupsDataExpirationChecker', 'CWebTicketSession', 'CHttpConnection', 'CUcwaDataSynchronizer', 'CMetaDataManager', 'CEwsAutoDiscoverManager', 'CDnsLookup', 'CRequestManager', 'CHttpRequestProcessor', 'CCredentialManager', 'CPersonsAndGroupsSearchQuery', 'CUcwaResourceRequest', 'CBindingTransformationFactory', 'CUcmpConversation', 'CEwsCalendarMailboxFolder', 'CClientProfile', 'CMediaDeviceWrapper', 'CGuestSessionsManager', 'CPerson', 'CAlertReporter', 'CUcmpMeetingsManager', 'CUcwaAutoDiscoveryServiceRetrialWrapper', 'CCertificateProvisioningService', 'CUserActivityPublisher', 'CConfiguration', 'CUcmpDataCollaborationModality', 'CLocationManager', 'CTransportRequestRetrialQueue', 'CPersistentStorageCleaner', 'CEwsItemViews', 'CUcmpVideoModality', 'CUcmpMrasHelper', 'CEwsMailboxFolder', 'CEwsVoicemailMailboxFolder', 'CAuthenticationManager', 'CUrlRedirectAndTrustResolver', 'CHttpStreamPool', 'XmlSerializer', 'CEwsAttachmentManager', 'CTimer', 'CMetaDataPolicyParser', 'CHttpProxyHelper', 'CMediaPlatformWrapper', 'CEwsAutoDiscoverOperation', 'CRoamingGroup', 'CNetworkPublisher', 'CPersonsAndGroupsManager', 'ConversationApplicationLayerUtilityFunctions', 'CPeopleChangeNotificationSubscription', 'CClientTelemetryProvider', 'CUcwaRequestBase', 'CUcmpMessagingModality', 'CUcmpBaseAppSharingModality', 'CUcmpConversationsManager', 'CEventChannelManager', 'CMetaDataRequest', 'CUcwaAutoDiscoveryGetUserUrlOperation', 'CUcwaTransportBatchRequestManager', 'CPendingPersonsGroup', 'CAuthenticationResolver', 'CPassiveAuthenticationManager', 'CUcmpVideoSubscriptionManager', 'CBaseAppStateQuery', 'CUcmpAudioVideoModality', 'CBaseDeviceContactProvider', 'CUcmpParticipant', 'CUcwaAutoDiscoveryResponse', 'CNetworkMonitor', 'CUcwaAppSession', 'CApplication', 'CUcwaSession', 'CBasePersistableComponent'}</msg>
<status status="PASS" starttime="20200521 14:33:41.631" endtime="20200521 14:33:41.631"></status>
</kw>
<kw name="Get Values" library="parser_log">
<arguments>
<arg>${list}</arg>
<arg>C:\\Users\\fitim\\IdeaProjects\\PythonProject\\PythonProject\\keywords${/}tasks_log.txt</arg>
</arguments>
<assign>
<var>${result}</var>
</assign>
<msg timestamp="20200521 14:33:41.796" level="INFO">181.0
181.0
181.0
1836.78
10733.0
38.0
557.0
570.0
544.0
1836.78
10733.0
38.0
252.6
397.0
132.0
1836.78
10733.0
38.0
554.0
776.0
254.0
1836.78
10733.0
38.0
1067.25
1910.0
525.0
1836.78
10733.0
38.0
236.5
324.0
149.0
1836.78
10733.0
38.0
1263.4
2407.0
314.0
1836.78
10733.0
38.0
249.0
249.0
249.0
1836.78
10733.0
38.0
740.11
1264.0
441.0
1836.78
10733.0
38.0
665.4
1042.0
295.0
1836.78
10733.0
38.0
941.67
1017.0
813.0
1836.78
10733.0
38.0
586.5
777.0
430.0
1836.78
10733.0
38.0
520.0
520.0
520.0
1836.78
10733.0
38.0
187.25
271.0
65.0
1836.78
10733.0
38.0
205.5
297.0
114.0
1836.78
10733.0
38.0
214.67
270.0
173.0
1836.78
10733.0
38.0
223.33
291.0
172.0
1836.78
10733.0
38.0
1213.5
1286.0
1141.0
1836.78
10733.0
38.0
247.0
247.0
247.0
1836.78
10733.0
38.0
273.0
288.0
258.0
1836.78
10733.0
38.0
5031.38
9507.0
467.0
1836.78
10733.0
38.0
247.0
247.0
247.0
1836.78
10733.0
38.0
425.0
425.0
425.0
1836.78
10733.0
38.0
38.0
38.0
38.0
1836.78
10733.0
38.0
80.5
89.0
72.0
1836.78
10733.0
38.0
1776.67
3375.0
249.0
1836.78
10733.0
38.0
103.33
130.0
64.0
1836.78
10733.0
38.0
966.0
966.0
966.0
1836.78
10733.0
38.0
432.5
545.0
314.0
1836.78
10733.0
38.0
441.5
550.0
333.0
1836.78
10733.0
38.0
182.0
182.0
182.0
1836.78
10733.0
38.0
1548.25
2188.0
784.0
1836.78
10733.0
38.0
479.5
755.0
285.0
1836.78
10733.0
38.0
601.5
623.0
580.0
1836.78
10733.0
38.0
580.62
825.0
378.0
1836.78
10733.0
38.0
326.0
326.0
326.0
1836.78
10733.0
38.0
72.0
72.0
72.0
1836.78
10733.0
38.0
662.0
662.0
662.0
1836.78
10733.0
38.0
473.06
870.0
107.0
1836.78
10733.0
38.0
741.5
765.0
718.0
1836.78
10733.0
38.0
397.0
397.0
397.0
1836.78
10733.0
38.0
446.0
446.0
446.0
1836.78
10733.0
38.0
291.67
598.0
77.0
1836.78
10733.0
38.0
393.25
599.0
74.0
1836.78
10733.0
38.0
426.0
426.0
426.0
1836.78
10733.0
38.0
196.0
196.0
196.0
1836.78
10733.0
38.0
285.25
657.0
123.0
1836.78
10733.0
38.0
78.0
78.0
78.0
1836.78
10733.0
38.0
434.0
434.0
434.0
1836.78
10733.0
38.0
549.12
1010.0
93.0
1836.78
10733.0
38.0
779.5
1178.0
341.0
1836.78
10733.0
38.0
1189.67
1631.0
335.0
1836.78
10733.0
38.0
252.5
287.0
218.0
1836.78
10733.0
38.0
2050.0
2050.0
2050.0
1836.78
10733.0
38.0
165.0
165.0
165.0
1836.78
10733.0
38.0
329.0
335.0
323.0
1836.78
10733.0
38.0
176.25
409.0
71.0
1836.78
10733.0
38.0
320.0
412.0
228.0
1836.78
10733.0
38.0
1283.89
2788.0
173.0
1836.78
10733.0
38.0
1138.6
1555.0
161.0
1836.78
10733.0
38.0
4421.03
8614.0
674.0
1836.78
10733.0
38.0
533.46
868.0
148.0
1836.78
10733.0
38.0
90.0
90.0
90.0
1836.78
10733.0
38.0
323.25
412.0
238.0
1836.78
10733.0
38.0
307.5
507.0
108.0
1836.78
10733.0
38.0
343.5
583.0
158.0
1836.78
10733.0
38.0
432.9
766.0
109.0
1836.78
10733.0
38.0
287.0
287.0
287.0
1836.78
10733.0
38.0
261.0
261.0
261.0
1836.78
10733.0
38.0
182.0
182.0
182.0
1836.78
10733.0
38.0
9010.0
10733.0
7287.0
1836.78
10733.0
38.0
116.0
116.0
116.0
1836.78
10733.0
38.0
429.0
429.0
429.0
1836.78
10733.0
38.0
153.0
190.0
116.0
1836.78
10733.0
38.0
165.67
229.0
70.0
1836.78
10733.0
38.0
1128.17
2324.0
193.0
1836.78
10733.0
38.0
3366.29
4909.0
850.0
1836.78
10733.0
38.0
350.75
472.0
223.0
1836.78
10733.0
38.0
238.0
238.0
238.0
1836.78
10733.0
38.0</msg>
<msg timestamp="20200521 14:33:41.796" level="INFO">${result} = ['task name: CBasePersistableEntity average: 181.0 max: 181.0 min: 181.0', 'task name: CBasePersistableEntity average: 1836.78 max: 10733.0 min: 38.0', 'task name: CLiveIdSession average: 557.0 max: 5...</msg>
<status status="PASS" starttime="20200521 14:33:41.631" endtime="20200521 14:33:41.796"></status>
</kw>
<kw name="Log" library="BuiltIn">
<doc>Logs the given message with the given level.</doc>
<arguments>
<arg>${result}</arg>
</arguments>
<msg timestamp="20200521 14:33:41.796" level="INFO">['task name: CBasePersistableEntity average: 181.0 max: 181.0 min: 181.0', 'task name: CBasePersistableEntity average: 1836.78 max: 10733.0 min: 38.0', 'task name: CLiveIdSession average: 557.0 max: 570.0 min: 544.0', 'task name: CLiveIdSession average: 1836.78 max: 10733.0 min: 38.0', 'task name: CTransportThread average: 252.6 max: 397.0 min: 132.0', 'task name: CTransportThread average: 1836.78 max: 10733.0 min: 38.0', 'task name: CPresenceSubscription average: 554.0 max: 776.0 min: 254.0', 'task name: CPresenceSubscription average: 1836.78 max: 10733.0 min: 38.0', 'task name: TransportUtilityFunctions average: 1067.25 max: 1910.0 min: 525.0', 'task name: TransportUtilityFunctions average: 1836.78 max: 10733.0 min: 38.0', 'task name: CPushNotificationSynchronizer average: 236.5 max: 324.0 min: 149.0', 'task name: CPushNotificationSynchronizer average: 1836.78 max: 10733.0 min: 38.0', 'task name: CUcwaAutoDiscoveryService average: 1263.4 max: 2407.0 min: 314.0', 'task name: CUcwaAutoDiscoveryService average: 1836.78 max: 10733.0 min: 38.0', 'task name: CPersonsAndGroupsDataExpirationChecker average: 249.0 max: 249.0 min: 249.0', 'task name: CPersonsAndGroupsDataExpirationChecker average: 1836.78 max: 10733.0 min: 38.0', 'task name: CWebTicketSession average: 740.11 max: 1264.0 min: 441.0', 'task name: CWebTicketSession average: 1836.78 max: 10733.0 min: 38.0', 'task name: CHttpConnection average: 665.4 max: 1042.0 min: 295.0', 'task name: CHttpConnection average: 1836.78 max: 10733.0 min: 38.0', 'task name: CUcwaDataSynchronizer average: 941.67 max: 1017.0 min: 813.0', 'task name: CUcwaDataSynchronizer average: 1836.78 max: 10733.0 min: 38.0', 'task name: CMetaDataManager average: 586.5 max: 777.0 min: 430.0', 'task name: CMetaDataManager average: 1836.78 max: 10733.0 min: 38.0', 'task name: CEwsAutoDiscoverManager average: 520.0 max: 520.0 min: 520.0', 'task name: CEwsAutoDiscoverManager average: 1836.78 max: 10733.0 min: 38.0', 'task name: CDnsLookup average: 187.25 max: 271.0 min: 65.0', 'task name: CDnsLookup average: 1836.78 max: 10733.0 min: 38.0', 'task name: CRequestManager average: 205.5 max: 297.0 min: 114.0', 'task name: CRequestManager average: 1836.78 max: 10733.0 min: 38.0', 'task name: CHttpRequestProcessor average: 214.67 max: 270.0 min: 173.0', 'task name: CHttpRequestProcessor average: 1836.78 max: 10733.0 min: 38.0', 'task name: CCredentialManager average: 223.33 max: 291.0 min: 172.0', 'task name: CCredentialManager average: 1836.78 max: 10733.0 min: 38.0', 'task name: CPersonsAndGroupsSearchQuery average: 1213.5 max: 1286.0 min: 1141.0', 'task name: CPersonsAndGroupsSearchQuery average: 1836.78 max: 10733.0 min: 38.0', 'task name: CUcwaResourceRequest average: 247.0 max: 247.0 min: 247.0', 'task name: CUcwaResourceRequest average: 1836.78 max: 10733.0 min: 38.0', 'task name: CBindingTransformationFactory average: 273.0 max: 288.0 min: 258.0', 'task name: CBindingTransformationFactory average: 1836.78 max: 10733.0 min: 38.0', 'task name: CUcmpConversation average: 5031.38 max: 9507.0 min: 467.0', 'task name: CUcmpConversation average: 1836.78 max: 10733.0 min: 38.0', 'task name: CEwsCalendarMailboxFolder average: 247.0 max: 247.0 min: 247.0', 'task name: CEwsCalendarMailboxFolder average: 1836.78 max: 10733.0 min: 38.0', 'task name: CClientProfile average: 425.0 max: 425.0 min: 425.0', 'task name: CClientProfile average: 1836.78 max: 10733.0 min: 38.0', 'task name: CMediaDeviceWrapper average: 38.0 max: 38.0 min: 38.0', 'task name: CMediaDeviceWrapper average: 1836.78 max: 10733.0 min: 38.0', 'task name: CGuestSessionsManager average: 80.5 max: 89.0 min: 72.0', 'task name: CGuestSessionsManager average: 1836.78 max: 10733.0 min: 38.0', 'task name: CPerson average: 1776.67 max: 3375.0 min: 249.0', 'task name: CPerson average: 1836.78 max: 10733.0 min: 38.0', 'task name: CAlertReporter average: 103.33 max: 130.0 min: 64.0', 'task name: CAlertReporter average: 1836.78 max: 10733.0 min: 38.0', 'task name: CUcmpMeetingsManager average: 966.0 max: 966.0 min: 966.0', 'task name: CUcmpMeetingsManager average: 1836.78 max: 10733.0 min: 38.0', 'task name: CUcwaAutoDiscoveryServiceRetrialWrapper average: 432.5 max: 545.0 min: 314.0', 'task name: CUcwaAutoDiscoveryServiceRetrialWrapper average: 1836.78 max: 10733.0 min: 38.0', 'task name: CCertificateProvisioningService average: 441.5 max: 550.0 min: 333.0', 'task name: CCertificateProvisioningService average: 1836.78 max: 10733.0 min: 38.0', 'task name: CUserActivityPublisher average: 182.0 max: 182.0 min: 182.0', 'task name: CUserActivityPublisher average: 1836.78 max: 10733.0 min: 38.0', 'task name: CConfiguration average: 1548.25 max: 2188.0 min: 784.0', 'task name: CConfiguration average: 1836.78 max: 10733.0 min: 38.0', 'task name: CUcmpDataCollaborationModality average: 479.5 max: 755.0 min: 285.0', 'task name: CUcmpDataCollaborationModality average: 1836.78 max: 10733.0 min: 38.0', 'task name: CLocationManager average: 601.5 max: 623.0 min: 580.0', 'task name: CLocationManager average: 1836.78 max: 10733.0 min: 38.0', 'task name: CTransportRequestRetrialQueue average: 580.62 max: 825.0 min: 378.0', 'task name: CTransportRequestRetrialQueue average: 1836.78 max: 10733.0 min: 38.0', 'task name: CPersistentStorageCleaner average: 326.0 max: 326.0 min: 326.0', 'task name: CPersistentStorageCleaner average: 1836.78 max: 10733.0 min: 38.0', 'task name: CEwsItemViews average: 72.0 max: 72.0 min: 72.0', 'task name: CEwsItemViews average: 1836.78 max: 10733.0 min: 38.0', 'task name: CUcmpVideoModality average: 662.0 max: 662.0 min: 662.0', 'task name: CUcmpVideoModality average: 1836.78 max: 10733.0 min: 38.0', 'task name: CUcmpMrasHelper average: 473.06 max: 870.0 min: 107.0', 'task name: CUcmpMrasHelper average: 1836.78 max: 10733.0 min: 38.0', 'task name: CEwsMailboxFolder average: 741.5 max: 765.0 min: 718.0', 'task name: CEwsMailboxFolder average: 1836.78 max: 10733.0 min: 38.0', 'task name: CEwsVoicemailMailboxFolder average: 397.0 max: 397.0 min: 397.0', 'task name: CEwsVoicemailMailboxFolder average: 1836.78 max: 10733.0 min: 38.0', 'task name: CAuthenticationManager average: 446.0 max: 446.0 min: 446.0', 'task name: CAuthenticationManager average: 1836.78 max: 10733.0 min: 38.0', 'task name: CUrlRedirectAndTrustResolver average: 291.67 max: 598.0 min: 77.0', 'task name: CUrlRedirectAndTrustResolver average: 1836.78 max: 10733.0 min: 38.0', 'task name: CHttpStreamPool average: 393.25 max: 599.0 min: 74.0', 'task name: CHttpStreamPool average: 1836.78 max: 10733.0 min: 38.0', 'task name: XmlSerializer average: 426.0 max: 426.0 min: 426.0', 'task name: XmlSerializer average: 1836.78 max: 10733.0 min: 38.0', 'task name: CEwsAttachmentManager average: 196.0 max: 196.0 min: 196.0', 'task name: CEwsAttachmentManager average: 1836.78 max: 10733.0 min: 38.0', 'task name: CTimer average: 285.25 max: 657.0 min: 123.0', 'task name: CTimer average: 1836.78 max: 10733.0 min: 38.0', 'task name: CMetaDataPolicyParser average: 78.0 max: 78.0 min: 78.0', 'task name: CMetaDataPolicyParser average: 1836.78 max: 10733.0 min: 38.0', 'task name: CHttpProxyHelper average: 434.0 max: 434.0 min: 434.0', 'task name: CHttpProxyHelper average: 1836.78 max: 10733.0 min: 38.0', 'task name: CMediaPlatformWrapper average: 549.12 max: 1010.0 min: 93.0', 'task name: CMediaPlatformWrapper average: 1836.78 max: 10733.0 min: 38.0', 'task name: CEwsAutoDiscoverOperation average: 779.5 max: 1178.0 min: 341.0', 'task name: CEwsAutoDiscoverOperation average: 1836.78 max: 10733.0 min: 38.0', 'task name: CRoamingGroup average: 1189.67 max: 1631.0 min: 335.0', 'task name: CRoamingGroup average: 1836.78 max: 10733.0 min: 38.0', 'task name: CNetworkPublisher average: 252.5 max: 287.0 min: 218.0', 'task name: CNetworkPublisher average: 1836.78 max: 10733.0 min: 38.0', 'task name: CPersonsAndGroupsManager average: 2050.0 max: 2050.0 min: 2050.0', 'task name: CPersonsAndGroupsManager average: 1836.78 max: 10733.0 min: 38.0', 'task name: ConversationApplicationLayerUtilityFunctions average: 165.0 max: 165.0 min: 165.0', 'task name: ConversationApplicationLayerUtilityFunctions average: 1836.78 max: 10733.0 min: 38.0', 'task name: CPeopleChangeNotificationSubscription average: 329.0 max: 335.0 min: 323.0', 'task name: CPeopleChangeNotificationSubscription average: 1836.78 max: 10733.0 min: 38.0', 'task name: CClientTelemetryProvider average: 176.25 max: 409.0 min: 71.0', 'task name: CClientTelemetryProvider average: 1836.78 max: 10733.0 min: 38.0', 'task name: CUcwaRequestBase average: 320.0 max: 412.0 min: 228.0', 'task name: CUcwaRequestBase average: 1836.78 max: 10733.0 min: 38.0', 'task name: CUcmpMessagingModality average: 1283.89 max: 2788.0 min: 173.0', 'task name: CUcmpMessagingModality average: 1836.78 max: 10733.0 min: 38.0', 'task name: CUcmpBaseAppSharingModality average: 1138.6 max: 1555.0 min: 161.0', 'task name: CUcmpBaseAppSharingModality average: 1836.78 max: 10733.0 min: 38.0', 'task name: CUcmpConversationsManager average: 4421.03 max: 8614.0 min: 674.0', 'task name: CUcmpConversationsManager average: 1836.78 max: 10733.0 min: 38.0', 'task name: CEventChannelManager average: 533.46 max: 868.0 min: 148.0', 'task name: CEventChannelManager average: 1836.78 max: 10733.0 min: 38.0', 'task name: CMetaDataRequest average: 90.0 max: 90.0 min: 90.0', 'task name: CMetaDataRequest average: 1836.78 max: 10733.0 min: 38.0', 'task name: CUcwaAutoDiscoveryGetUserUrlOperation average: 323.25 max: 412.0 min: 238.0', 'task name: CUcwaAutoDiscoveryGetUserUrlOperation average: 1836.78 max: 10733.0 min: 38.0', 'task name: CUcwaTransportBatchRequestManager average: 307.5 max: 507.0 min: 108.0', 'task name: CUcwaTransportBatchRequestManager average: 1836.78 max: 10733.0 min: 38.0', 'task name: CPendingPersonsGroup average: 343.5 max: 583.0 min: 158.0', 'task name: CPendingPersonsGroup average: 1836.78 max: 10733.0 min: 38.0', 'task name: CAuthenticationResolver average: 432.9 max: 766.0 min: 109.0', 'task name: CAuthenticationResolver average: 1836.78 max: 10733.0 min: 38.0', 'task name: CPassiveAuthenticationManager average: 287.0 max: 287.0 min: 287.0', 'task name: CPassiveAuthenticationManager average: 1836.78 max: 10733.0 min: 38.0', 'task name: CUcmpVideoSubscriptionManager average: 261.0 max: 261.0 min: 261.0', 'task name: CUcmpVideoSubscriptionManager average: 1836.78 max: 10733.0 min: 38.0', 'task name: CBaseAppStateQuery average: 182.0 max: 182.0 min: 182.0', 'task name: CBaseAppStateQuery average: 1836.78 max: 10733.0 min: 38.0', 'task name: CUcmpAudioVideoModality average: 9010.0 max: 10733.0 min: 7287.0', 'task name: CUcmpAudioVideoModality average: 1836.78 max: 10733.0 min: 38.0', 'task name: CBaseDeviceContactProvider average: 116.0 max: 116.0 min: 116.0', 'task name: CBaseDeviceContactProvider average: 1836.78 max: 10733.0 min: 38.0', 'task name: CUcmpParticipant average: 429.0 max: 429.0 min: 429.0', 'task name: CUcmpParticipant average: 1836.78 max: 10733.0 min: 38.0', 'task name: CUcwaAutoDiscoveryResponse average: 153.0 max: 190.0 min: 116.0', 'task name: CUcwaAutoDiscoveryResponse average: 1836.78 max: 10733.0 min: 38.0', 'task name: CNetworkMonitor average: 165.67 max: 229.0 min: 70.0', 'task name: CNetworkMonitor average: 1836.78 max: 10733.0 min: 38.0', 'task name: CUcwaAppSession average: 1128.17 max: 2324.0 min: 193.0', 'task name: CUcwaAppSession average: 1836.78 max: 10733.0 min: 38.0', 'task name: CApplication average: 3366.29 max: 4909.0 min: 850.0', 'task name: CApplication average: 1836.78 max: 10733.0 min: 38.0', 'task name: CUcwaSession average: 350.75 max: 472.0 min: 223.0', 'task name: CUcwaSession average: 1836.78 max: 10733.0 min: 38.0', 'task name: CBasePersistableComponent average: 238.0 max: 238.0 min: 238.0', 'task name: CBasePersistableComponent average: 1836.78 max: 10733.0 min: 38.0']</msg>
<status status="PASS" starttime="20200521 14:33:41.796" endtime="20200521 14:33:41.796"></status>
</kw>
<kw name="Convert To String" library="BuiltIn">
<doc>Converts the given item to a Unicode string.</doc>
<arguments>
<arg>${result}</arg>
</arguments>
<assign>
<var>${string}</var>
</assign>
<msg timestamp="20200521 14:33:41.812" level="INFO">${string} = ['task name: CBasePersistableEntity average: 181.0 max: 181.0 min: 181.0', 'task name: CBasePersistableEntity average: 1836.78 max: 10733.0 min: 38.0', 'task name: CLiveIdSession average: 557.0 max: 5...</msg>
<status status="PASS" starttime="20200521 14:33:41.796" endtime="20200521 14:33:41.812"></status>
</kw>
<kw name="Split String" library="String">
<doc>Splits the ``string`` using ``separator`` as a delimiter string.</doc>
<arguments>
<arg>${string}</arg>
<arg>,</arg>
</arguments>
<assign>
<var>@{words}</var>
</assign>
<msg timestamp="20200521 14:33:41.812" level="INFO">@{words} = [ ['task name: CBasePersistableEntity average: 181.0 max: 181.0 min: 181.0' |  'task name: CBasePersistableEntity average: 1836.78 max: 10733.0 min: 38.0' |  'task name: CLiveIdSession average: 557.0 ...</msg>
<status status="PASS" starttime="20200521 14:33:41.812" endtime="20200521 14:33:41.812"></status>
</kw>
<kw name="Create File" library="OperatingSystem">
<doc>Creates a file with the given content and encoding.</doc>
<arguments>
<arg>C:\\Users\\fitim\\IdeaProjects\\PythonProject\\PythonProject\\keywords${/}tasks_duration.txt</arg>
</arguments>
<msg timestamp="20200521 14:33:41.812" level="INFO" html="yes">Created file '&lt;a href="file://C:\Users\fitim\IdeaProjects\PythonProject\PythonProject\keywords\tasks_duration.txt"&gt;C:\Users\fitim\IdeaProjects\PythonProject\PythonProject\keywords\tasks_duration.txt&lt;/a&gt;'.</msg>
<status status="PASS" starttime="20200521 14:33:41.812" endtime="20200521 14:33:41.812"></status>
</kw>
<kw name="${i} IN [ @{words} ]" type="for">
<kw name="${i} = ['task name: CBasePersistableEntity average: 181.0 max: 181.0 min: 181.0'" type="foritem">
<kw name="Log" library="BuiltIn">
<doc>Logs the given message with the given level.</doc>
<arguments>
<arg>${i}</arg>
</arguments>
<msg timestamp="20200521 14:33:41.812" level="INFO">['task name: CBasePersistableEntity average: 181.0 max: 181.0 min: 181.0'</msg>
<status status="PASS" starttime="20200521 14:33:41.812" endtime="20200521 14:33:41.812"></status>
</kw>
<kw name="Append To File" library="OperatingSystem">
<doc>Appends the given content to the specified file.</doc>
<arguments>
<arg>C:\\Users\\fitim\\IdeaProjects\\PythonProject\\PythonProject\\keywords${/}tasks_duration.txt</arg>
<arg>${i}${\n}</arg>
</arguments>
<msg timestamp="20200521 14:33:41.812" level="INFO" html="yes">Appended to file '&lt;a href="file://C:\Users\fitim\IdeaProjects\PythonProject\PythonProject\keywords\tasks_duration.txt"&gt;C:\Users\fitim\IdeaProjects\PythonProject\PythonProject\keywords\tasks_duration.txt&lt;/a&gt;'.</msg>
<status status="PASS" starttime="20200521 14:33:41.812" endtime="20200521 14:33:41.812"></status>
</kw>
<status status="PASS" starttime="20200521 14:33:41.812" endtime="20200521 14:33:41.828"></status>
</kw>
<kw name="${i} =  'task name: CBasePersistableEntity average: 1836.78 max: 10733.0 min: 38.0'" type="foritem">
<kw name="Log" library="BuiltIn">
<doc>Logs the given message with the given level.</doc>
<arguments>
<arg>${i}</arg>
</arguments>
<msg timestamp="20200521 14:33:41.828" level="INFO"> 'task name: CBasePersistableEntity average: 1836.78 max: 10733.0 min: 38.0'</msg>
<status status="PASS" starttime="20200521 14:33:41.828" endtime="20200521 14:33:41.828"></status>
</kw>
<kw name="Append To File" library="OperatingSystem">
<doc>Appends the given content to the specified file.</doc>
<arguments>
<arg>C:\\Users\\fitim\\IdeaProjects\\PythonProject\\PythonProject\\keywords${/}tasks_duration.txt</arg>
<arg>${i}${\n}</arg>
</arguments>
<msg timestamp="20200521 14:33:41.843" level="INFO" html="yes">Appended to file '&lt;a href="file://C:\Users\fitim\IdeaProjects\PythonProject\PythonProject\keywords\tasks_duration.txt"&gt;C:\Users\fitim\IdeaProjects\PythonProject\PythonProject\keywords\tasks_duration.txt&lt;/a&gt;'.</msg>
<status status="PASS" starttime="20200521 14:33:41.828" endtime="20200521 14:33:41.844"></status>
</kw>
<status status="PASS" starttime="20200521 14:33:41.828" endtime="20200521 14:33:41.844"></status>
</kw>
<kw name="${i} =  'task name: CLiveIdSession average: 557.0 max: 570.0 min: 544.0'" type="foritem">
<kw name="Log" library="BuiltIn">
<doc>Logs the given message with the given level.</doc>
<arguments>
<arg>${i}</arg>
</arguments>
<msg timestamp="20200521 14:33:41.845" level="INFO"> 'task name: CLiveIdSession average: 557.0 max: 570.0 min: 544.0'</msg>
<status status="PASS" starttime="20200521 14:33:41.844" endtime="20200521 14:33:41.845"></status>
</kw>
<kw name="Append To File" library="OperatingSystem">
<doc>Appends the given content to the specified file.</doc>
<arguments>
<arg>C:\\Users\\fitim\\IdeaProjects\\PythonProject\\PythonProject\\keywords${/}tasks_duration.txt</arg>
<arg>${i}${\n}</arg>
</arguments>
<msg timestamp="20200521 14:33:41.849" level="INFO" html="yes">Appended to file '&lt;a href="file://C:\Users\fitim\IdeaProjects\PythonProject\PythonProject\keywords\tasks_duration.txt"&gt;C:\Users\fitim\IdeaProjects\PythonProject\PythonProject\keywords\tasks_duration.txt&lt;/a&gt;'.</msg>
<status status="PASS" starttime="20200521 14:33:41.845" endtime="20200521 14:33:41.849"></status>
</kw>
<status status="PASS" starttime="20200521 14:33:41.844" endtime="20200521 14:33:41.849"></status>
</kw>
<kw name="${i} =  'task name: CLiveIdSession average: 1836.78 max: 10733.0 min: 38.0'" type="foritem">
<kw name="Log" library="BuiltIn">
<doc>Logs the given message with the given level.</doc>
<arguments>
<arg>${i}</arg>
</arguments>
<msg timestamp="20200521 14:33:41.849" level="INFO"> 'task name: CLiveIdSession average: 1836.78 max: 10733.0 min: 38.0'</msg>
<status status="PASS" starttime="20200521 14:33:41.849" endtime="20200521 14:33:41.849"></status>
</kw>
<kw name="Append To File" library="OperatingSystem">
<doc>Appends the given content to the specified file.</doc>
<arguments>
<arg>C:\\Users\\fitim\\IdeaProjects\\PythonProject\\PythonProject\\keywords${/}tasks_duration.txt</arg>
<arg>${i}${\n}</arg>
</arguments>
<msg timestamp="20200521 14:33:41.849" level="INFO" html="yes">Appended to file '&lt;a href="file://C:\Users\fitim\IdeaProjects\PythonProject\PythonProject\keywords\tasks_duration.txt"&gt;C:\Users\fitim\IdeaProjects\PythonProject\PythonProject\keywords\tasks_duration.txt&lt;/a&gt;'.</msg>
<status status="PASS" starttime="20200521 14:33:41.849" endtime="20200521 14:33:41.849"></status>
</kw>
<status status="PASS" starttime="20200521 14:33:41.849" endtime="20200521 14:33:41.849"></status>
</kw>
<kw name="${i} =  'task name: CTransportThread average: 252.6 max: 397.0 min: 132.0'" type="foritem">
<kw name="Log" library="BuiltIn">
<doc>Logs the given message with the given level.</doc>
<arguments>
<arg>${i}</arg>
</arguments>
<msg timestamp="20200521 14:33:41.849" level="INFO"> 'task name: CTransportThread average: 252.6 max: 397.0 min: 132.0'</msg>
<status status="PASS" starttime="20200521 14:33:41.849" endtime="20200521 14:33:41.849"></status>
</kw>
<kw name="Append To File" library="OperatingSystem">
<doc>Appends the given content to the specified file.</doc>
<arguments>
<arg>C:\\Users\\fitim\\IdeaProjects\\PythonProject\\PythonProject\\keywords${/}tasks_duration.txt</arg>
<arg>${i}${\n}</arg>
</arguments>
<msg timestamp="20200521 14:33:41.849" level="INFO" html="yes">Appended to file '&lt;a href="file://C:\Users\fitim\IdeaProjects\PythonProject\PythonProject\keywords\tasks_duration.txt"&gt;C:\Users\fitim\IdeaProjects\PythonProject\PythonProject\keywords\tasks_duration.txt&lt;/a&gt;'.</msg>
<status status="PASS" starttime="20200521 14:33:41.849" endtime="20200521 14:33:41.849"></status>
</kw>
<status status="PASS" starttime="20200521 14:33:41.849" endtime="20200521 14:33:41.849"></status>
</kw>
<kw name="${i} =  'task name: CTransportThread average: 1836.78 max: 10733.0 min: 38.0'" type="foritem">
<kw name="Log" library="BuiltIn">
<doc>Logs the given message with the given level.</doc>
<arguments>
<arg>${i}</arg>
</arguments>
<msg timestamp="20200521 14:33:41.865" level="INFO"> 'task name: CTransportThread average: 1836.78 max: 10733.0 min: 38.0'</msg>
<status status="PASS" starttime="20200521 14:33:41.865" endtime="20200521 14:33:41.865"></status>
</kw>
<kw name="Append To File" library="OperatingSystem">
<doc>Appends the given content to the specified file.</doc>
<arguments>
<arg>C:\\Users\\fitim\\IdeaProjects\\PythonProject\\PythonProject\\keywords${/}tasks_duration.txt</arg>
<arg>${i}${\n}</arg>
</arguments>
<msg timestamp="20200521 14:33:41.865" level="INFO" html="yes">Appended to file '&lt;a href="file://C:\Users\fitim\IdeaProjects\PythonProject\PythonProject\keywords\tasks_duration.txt"&gt;C:\Users\fitim\IdeaProjects\PythonProject\PythonProject\keywords\tasks_duration.txt&lt;/a&gt;'.</msg>
<status status="PASS" starttime="20200521 14:33:41.865" endtime="20200521 14:33:41.865"></status>
</kw>
<status status="PASS" starttime="20200521 14:33:41.865" endtime="20200521 14:33:41.865"></status>
</kw>
<kw name="${i} =  'task name: CPresenceSubscription average: 554.0 max: 776.0 min: 254.0'" type="foritem">
<kw name="Log" library="BuiltIn">
<doc>Logs the given message with the given level.</doc>
<arguments>
<arg>${i}</arg>
</arguments>
<msg timestamp="20200521 14:33:41.865" level="INFO"> 'task name: CPresenceSubscription average: 554.0 max: 776.0 min: 254.0'</msg>
<status status="PASS" starttime="20200521 14:33:41.865" endtime="20200521 14:33:41.881"></status>
</kw>
<kw name="Append To File" library="OperatingSystem">
<doc>Appends the given content to the specified file.</doc>
<arguments>
<arg>C:\\Users\\fitim\\IdeaProjects\\PythonProject\\PythonProject\\keywords${/}tasks_duration.txt</arg>
<arg>${i}${\n}</arg>
</arguments>
<msg timestamp="20200521 14:33:41.896" level="INFO" html="yes">Appended to file '&lt;a href="file://C:\Users\fitim\IdeaProjects\PythonProject\PythonProject\keywords\tasks_duration.txt"&gt;C:\Users\fitim\IdeaProjects\PythonProject\PythonProject\keywords\tasks_duration.txt&lt;/a&gt;'.</msg>
<status status="PASS" starttime="20200521 14:33:41.881" endtime="20200521 14:33:41.896"></status>
</kw>
<status status="PASS" starttime="20200521 14:33:41.865" endtime="20200521 14:33:41.896"></status>
</kw>
<kw name="${i} =  'task name: CPresenceSubscription average: 1836.78 max: 10733.0 min: 38.0'" type="foritem">
<kw name="Log" library="BuiltIn">
<doc>Logs the given message with the given level.</doc>
<arguments>
<arg>${i}</arg>
</arguments>
<msg timestamp="20200521 14:33:41.896" level="INFO"> 'task name: CPresenceSubscription average: 1836.78 max: 10733.0 min: 38.0'</msg>
<status status="PASS" starttime="20200521 14:33:41.896" endtime="20200521 14:33:41.896"></status>
</kw>
<kw name="Append To File" library="OperatingSystem">
<doc>Appends the given content to the specified file.</doc>
<arguments>
<arg>C:\\Users\\fitim\\IdeaProjects\\PythonProject\\PythonProject\\keywords${/}tasks_duration.txt</arg>
<arg>${i}${\n}</arg>
</arguments>
<msg timestamp="20200521 14:33:41.896" level="INFO" html="yes">Appended to file '&lt;a href="file://C:\Users\fitim\IdeaProjects\PythonProject\PythonProject\keywords\tasks_duration.txt"&gt;C:\Users\fitim\IdeaProjects\PythonProject\PythonProject\keywords\tasks_duration.txt&lt;/a&gt;'.</msg>
<status status="PASS" starttime="20200521 14:33:41.896" endtime="20200521 14:33:41.912"></status>
</kw>
<status status="PASS" starttime="20200521 14:33:41.896" endtime="20200521 14:33:41.912"></status>
</kw>
<kw name="${i} =  'task name: TransportUtilityFunctions average: 1067.25 max: 1910.0 min: 525.0'" type="foritem">
<kw name="Log" library="BuiltIn">
<doc>Logs the given message with the given level.</doc>
<arguments>
<arg>${i}</arg>
</arguments>
<msg timestamp="20200521 14:33:41.912" level="INFO"> 'task name: TransportUtilityFunctions average: 1067.25 max: 1910.0 min: 525.0'</msg>
<status status="PASS" starttime="20200521 14:33:41.912" endtime="20200521 14:33:41.912"></status>
</kw>
<kw name="Append To File" library="OperatingSystem">
<doc>Appends the given content to the specified file.</doc>
<arguments>
<arg>C:\\Users\\fitim\\IdeaProjects\\PythonProject\\PythonProject\\keywords${/}tasks_duration.txt</arg>
<arg>${i}${\n}</arg>
</arguments>
<msg timestamp="20200521 14:33:41.927" level="INFO" html="yes">Appended to file '&lt;a href="file://C:\Users\fitim\IdeaProjects\PythonProject\PythonProject\keywords\tasks_duration.txt"&gt;C:\Users\fitim\IdeaProjects\PythonProject\PythonProject\keywords\tasks_duration.txt&lt;/a&gt;'.</msg>
<status status="PASS" starttime="20200521 14:33:41.912" endtime="20200521 14:33:41.927"></status>
</kw>
<status status="PASS" starttime="20200521 14:33:41.912" endtime="20200521 14:33:41.927"></status>
</kw>
<kw name="${i} =  'task name: TransportUtilityFunctions average: 1836.78 max: 10733.0 min: 38.0'" type="foritem">
<kw name="Log" library="BuiltIn">
<doc>Logs the given message with the given level.</doc>
<arguments>
<arg>${i}</arg>
</arguments>
<msg timestamp="20200521 14:33:41.927" level="INFO"> 'task name: TransportUtilityFunctions average: 1836.78 max: 10733.0 min: 38.0'</msg>
<status status="PASS" starttime="20200521 14:33:41.927" endtime="20200521 14:33:41.927"></status>
</kw>
<kw name="Append To File" library="OperatingSystem">
<doc>Appends the given content to the specified file.</doc>
<arguments>
<arg>C:\\Users\\fitim\\IdeaProjects\\PythonProject\\PythonProject\\keywords${/}tasks_duration.txt</arg>
<arg>${i}${\n}</arg>
</arguments>
<msg timestamp="20200521 14:33:41.959" level="INFO" html="yes">Appended to file '&lt;a href="file://C:\Users\fitim\IdeaProjects\PythonProject\PythonProject\keywords\tasks_duration.txt"&gt;C:\Users\fitim\IdeaProjects\PythonProject\PythonProject\keywords\tasks_duration.txt&lt;/a&gt;'.</msg>
<status status="PASS" starttime="20200521 14:33:41.927" endtime="20200521 14:33:41.959"></status>
</kw>
<status status="PASS" starttime="20200521 14:33:41.927" endtime="20200521 14:33:41.959"></status>
</kw>
<kw name="${i} =  'task name: CPushNotificationSynchronizer average: 236.5 max: 324.0 min: 149.0'" type="foritem">
<kw name="Log" library="BuiltIn">
<doc>Logs the given message with the given level.</doc>
<arguments>
<arg>${i}</arg>
</arguments>
<msg timestamp="20200521 14:33:41.959" level="INFO"> 'task name: CPushNotificationSynchronizer average: 236.5 max: 324.0 min: 149.0'</msg>
<status status="PASS" starttime="20200521 14:33:41.959" endtime="20200521 14:33:41.959"></status>
</kw>
<kw name="Append To File" library="OperatingSystem">
<doc>Appends the given content to the specified file.</doc>
<arguments>
<arg>C:\\Users\\fitim\\IdeaProjects\\PythonProject\\PythonProject\\keywords${/}tasks_duration.txt</arg>
<arg>${i}${\n}</arg>
</arguments>
<msg timestamp="20200521 14:33:41.974" level="INFO" html="yes">Appended to file '&lt;a href="file://C:\Users\fitim\IdeaProjects\PythonProject\PythonProject\keywords\tasks_duration.txt"&gt;C:\Users\fitim\IdeaProjects\PythonProject\PythonProject\keywords\tasks_duration.txt&lt;/a&gt;'.</msg>
<status status="PASS" starttime="20200521 14:33:41.959" endtime="20200521 14:33:41.974"></status>
</kw>
<status status="PASS" starttime="20200521 14:33:41.959" endtime="20200521 14:33:41.974"></status>
</kw>
<kw name="${i} =  'task name: CPushNotificationSynchronizer average: 1836.78 max: 10733.0 min: 38.0'" type="foritem">
<kw name="Log" library="BuiltIn">
<doc>Logs the given message with the given level.</doc>
<arguments>
<arg>${i}</arg>
</arguments>
<msg timestamp="20200521 14:33:41.974" level="INFO"> 'task name: CPushNotificationSynchronizer average: 1836.78 max: 10733.0 min: 38.0'</msg>
<status status="PASS" starttime="20200521 14:33:41.974" endtime="20200521 14:33:41.974"></status>
</kw>
<kw name="Append To File" library="OperatingSystem">
<doc>Appends the given content to the specified file.</doc>
<arguments>
<arg>C:\\Users\\fitim\\IdeaProjects\\PythonProject\\PythonProject\\keywords${/}tasks_duration.txt</arg>
<arg>${i}${\n}</arg>
</arguments>
<msg timestamp="20200521 14:33:41.990" level="INFO" html="yes">Appended to file '&lt;a href="file://C:\Users\fitim\IdeaProjects\PythonProject\PythonProject\keywords\tasks_duration.txt"&gt;C:\Users\fitim\IdeaProjects\PythonProject\PythonProject\keywords\tasks_duration.txt&lt;/a&gt;'.</msg>
<status status="PASS" starttime="20200521 14:33:41.974" endtime="20200521 14:33:41.990"></status>
</kw>
<status status="PASS" starttime="20200521 14:33:41.974" endtime="20200521 14:33:41.990"></status>
</kw>
<kw name="${i} =  'task name: CUcwaAutoDiscoveryService average: 1263.4 max: 2407.0 min: 314.0'" type="foritem">
<kw name="Log" library="BuiltIn">
<doc>Logs the given message with the given level.</doc>
<arguments>
<arg>${i}</arg>
</arguments>
<msg timestamp="20200521 14:33:41.990" level="INFO"> 'task name: CUcwaAutoDiscoveryService average: 1263.4 max: 2407.0 min: 314.0'</msg>
<status status="PASS" starttime="20200521 14:33:41.990" endtime="20200521 14:33:41.990"></status>
</kw>
<kw name="Append To File" library="OperatingSystem">
<doc>Appends the given content to the specified file.</doc>
<arguments>
<arg>C:\\Users\\fitim\\IdeaProjects\\PythonProject\\PythonProject\\keywords${/}tasks_duration.txt</arg>
<arg>${i}${\n}</arg>
</arguments>
<msg timestamp="20200521 14:33:42.006" level="INFO" html="yes">Appended to file '&lt;a href="file://C:\Users\fitim\IdeaProjects\PythonProject\PythonProject\keywords\tasks_duration.txt"&gt;C:\Users\fitim\IdeaProjects\PythonProject\PythonProject\keywords\tasks_duration.txt&lt;/a&gt;'.</msg>
<status status="PASS" starttime="20200521 14:33:41.990" endtime="20200521 14:33:42.006"></status>
</kw>
<status status="PASS" starttime="20200521 14:33:41.990" endtime="20200521 14:33:42.006"></status>
</kw>
<kw name="${i} =  'task name: CUcwaAutoDiscoveryService average: 1836.78 max: 10733.0 min: 38.0'" type="foritem">
<kw name="Log" library="BuiltIn">
<doc>Logs the given message with the given level.</doc>
<arguments>
<arg>${i}</arg>
</arguments>
<msg timestamp="20200521 14:33:42.006" level="INFO"> 'task name: CUcwaAutoDiscoveryService average: 1836.78 max: 10733.0 min: 38.0'</msg>
<status status="PASS" starttime="20200521 14:33:42.006" endtime="20200521 14:33:42.006"></status>
</kw>
<kw name="Append To File" library="OperatingSystem">
<doc>Appends the given content to the specified file.</doc>
<arguments>
<arg>C:\\Users\\fitim\\IdeaProjects\\PythonProject\\PythonProject\\keywords${/}tasks_duration.txt</arg>
<arg>${i}${\n}</arg>
</arguments>
<msg timestamp="20200521 14:33:42.021" level="INFO" html="yes">Appended to file '&lt;a href="file://C:\Users\fitim\IdeaProjects\PythonProject\PythonProject\keywords\tasks_duration.txt"&gt;C:\Users\fitim\IdeaProjects\PythonProject\PythonProject\keywords\tasks_duration.txt&lt;/a&gt;'.</msg>
<status status="PASS" starttime="20200521 14:33:42.006" endtime="20200521 14:33:42.021"></status>
</kw>
<status status="PASS" starttime="20200521 14:33:42.006" endtime="20200521 14:33:42.035"></status>
</kw>
<kw name="${i} =  'task name: CPersonsAndGroupsDataExpirationChecker average: 249.0 max: 249.0 min: 249.0'" type="foritem">
<kw name="Log" library="BuiltIn">
<doc>Logs the given message with the given level.</doc>
<arguments>
<arg>${i}</arg>
</arguments>
<msg timestamp="20200521 14:33:42.036" level="INFO"> 'task name: CPersonsAndGroupsDataExpirationChecker average: 249.0 max: 249.0 min: 249.0'</msg>
<status status="PASS" starttime="20200521 14:33:42.035" endtime="20200521 14:33:42.036"></status>
</kw>
<kw name="Append To File" library="OperatingSystem">
<doc>Appends the given content to the specified file.</doc>
<arguments>
<arg>C:\\Users\\fitim\\IdeaProjects\\PythonProject\\PythonProject\\keywords${/}tasks_duration.txt</arg>
<arg>${i}${\n}</arg>
</arguments>
<msg timestamp="20200521 14:33:42.048" level="INFO" html="yes">Appended to file '&lt;a href="file://C:\Users\fitim\IdeaProjects\PythonProject\PythonProject\keywords\tasks_duration.txt"&gt;C:\Users\fitim\IdeaProjects\PythonProject\PythonProject\keywords\tasks_duration.txt&lt;/a&gt;'.</msg>
<status status="PASS" starttime="20200521 14:33:42.037" endtime="20200521 14:33:42.048"></status>
</kw>
<status status="PASS" starttime="20200521 14:33:42.035" endtime="20200521 14:33:42.048"></status>
</kw>
<kw name="${i} =  'task name: CPersonsAndGroupsDataExpirationChecker average: 1836.78 max: 10733.0 min: 38.0'" type="foritem">
<kw name="Log" library="BuiltIn">
<doc>Logs the given message with the given level.</doc>
<arguments>
<arg>${i}</arg>
</arguments>
<msg timestamp="20200521 14:33:42.048" level="INFO"> 'task name: CPersonsAndGroupsDataExpirationChecker average: 1836.78 max: 10733.0 min: 38.0'</msg>
<status status="PASS" starttime="20200521 14:33:42.048" endtime="20200521 14:33:42.048"></status>
</kw>
<kw name="Append To File" library="OperatingSystem">
<doc>Appends the given content to the specified file.</doc>
<arguments>
<arg>C:\\Users\\fitim\\IdeaProjects\\PythonProject\\PythonProject\\keywords${/}tasks_duration.txt</arg>
<arg>${i}${\n}</arg>
</arguments>
<msg timestamp="20200521 14:33:42.048" level="INFO" html="yes">Appended to file '&lt;a href="file://C:\Users\fitim\IdeaProjects\PythonProject\PythonProject\keywords\tasks_duration.txt"&gt;C:\Users\fitim\IdeaProjects\PythonProject\PythonProject\keywords\tasks_duration.txt&lt;/a&gt;'.</msg>
<status status="PASS" starttime="20200521 14:33:42.048" endtime="20200521 14:33:42.048"></status>
</kw>
<status status="PASS" starttime="20200521 14:33:42.048" endtime="20200521 14:33:42.048"></status>
</kw>
<kw name="${i} =  'task name: CWebTicketSession average: 740.11 max: 1264.0 min: 441.0'" type="foritem">
<kw name="Log" library="BuiltIn">
<doc>Logs the given message with the given level.</doc>
<arguments>
<arg>${i}</arg>
</arguments>
<msg timestamp="20200521 14:33:42.048" level="INFO"> 'task name: CWebTicketSession average: 740.11 max: 1264.0 min: 441.0'</msg>
<status status="PASS" starttime="20200521 14:33:42.048" endtime="20200521 14:33:42.048"></status>
</kw>
<kw name="Append To File" library="OperatingSystem">
<doc>Appends the given content to the specified file.</doc>
<arguments>
<arg>C:\\Users\\fitim\\IdeaProjects\\PythonProject\\PythonProject\\keywords${/}tasks_duration.txt</arg>
<arg>${i}${\n}</arg>
</arguments>
<msg timestamp="20200521 14:33:42.048" level="INFO" html="yes">Appended to file '&lt;a href="file://C:\Users\fitim\IdeaProjects\PythonProject\PythonProject\keywords\tasks_duration.txt"&gt;C:\Users\fitim\IdeaProjects\PythonProject\PythonProject\keywords\tasks_duration.txt&lt;/a&gt;'.</msg>
<status status="PASS" starttime="20200521 14:33:42.048" endtime="20200521 14:33:42.048"></status>
</kw>
<status status="PASS" starttime="20200521 14:33:42.048" endtime="20200521 14:33:42.048"></status>
</kw>
<kw name="${i} =  'task name: CWebTicketSession average: 1836.78 max: 10733.0 min: 38.0'" type="foritem">
<kw name="Log" library="BuiltIn">
<doc>Logs the given message with the given level.</doc>
<arguments>
<arg>${i}</arg>
</arguments>
<msg timestamp="20200521 14:33:42.064" level="INFO"> 'task name: CWebTicketSession average: 1836.78 max: 10733.0 min: 38.0'</msg>
<status status="PASS" starttime="20200521 14:33:42.064" endtime="20200521 14:33:42.064"></status>
</kw>
<kw name="Append To File" library="OperatingSystem">
<doc>Appends the given content to the specified file.</doc>
<arguments>
<arg>C:\\Users\\fitim\\IdeaProjects\\PythonProject\\PythonProject\\keywords${/}tasks_duration.txt</arg>
<arg>${i}${\n}</arg>
</arguments>
<msg timestamp="20200521 14:33:42.080" level="INFO" html="yes">Appended to file '&lt;a href="file://C:\Users\fitim\IdeaProjects\PythonProject\PythonProject\keywords\tasks_duration.txt"&gt;C:\Users\fitim\IdeaProjects\PythonProject\PythonProject\keywords\tasks_duration.txt&lt;/a&gt;'.</msg>
<status status="PASS" starttime="20200521 14:33:42.064" endtime="20200521 14:33:42.080"></status>
</kw>
<status status="PASS" starttime="20200521 14:33:42.048" endtime="20200521 14:33:42.080"></status>
</kw>
<kw name="${i} =  'task name: CHttpConnection average: 665.4 max: 1042.0 min: 295.0'" type="foritem">
<kw name="Log" library="BuiltIn">
<doc>Logs the given message with the given level.</doc>
<arguments>
<arg>${i}</arg>
</arguments>
<msg timestamp="20200521 14:33:42.080" level="INFO"> 'task name: CHttpConnection average: 665.4 max: 1042.0 min: 295.0'</msg>
<status status="PASS" starttime="20200521 14:33:42.080" endtime="20200521 14:33:42.080"></status>
</kw>
<kw name="Append To File" library="OperatingSystem">
<doc>Appends the given content to the specified file.</doc>
<arguments>
<arg>C:\\Users\\fitim\\IdeaProjects\\PythonProject\\PythonProject\\keywords${/}tasks_duration.txt</arg>
<arg>${i}${\n}</arg>
</arguments>
<msg timestamp="20200521 14:33:42.095" level="INFO" html="yes">Appended to file '&lt;a href="file://C:\Users\fitim\IdeaProjects\PythonProject\PythonProject\keywords\tasks_duration.txt"&gt;C:\Users\fitim\IdeaProjects\PythonProject\PythonProject\keywords\tasks_duration.txt&lt;/a&gt;'.</msg>
<status status="PASS" starttime="20200521 14:33:42.080" endtime="20200521 14:33:42.111"></status>
</kw>
<status status="PASS" starttime="20200521 14:33:42.080" endtime="20200521 14:33:42.111"></status>
</kw>
<kw name="${i} =  'task name: CHttpConnection average: 1836.78 max: 10733.0 min: 38.0'" type="foritem">
<kw name="Log" library="BuiltIn">
<doc>Logs the given message with the given level.</doc>
<arguments>
<arg>${i}</arg>
</arguments>
<msg timestamp="20200521 14:33:42.111" level="INFO"> 'task name: CHttpConnection average: 1836.78 max: 10733.0 min: 38.0'</msg>
<status status="PASS" starttime="20200521 14:33:42.111" endtime="20200521 14:33:42.111"></status>
</kw>
<kw name="Append To File" library="OperatingSystem">
<doc>Appends the given content to the specified file.</doc>
<arguments>
<arg>C:\\Users\\fitim\\IdeaProjects\\PythonProject\\PythonProject\\keywords${/}tasks_duration.txt</arg>
<arg>${i}${\n}</arg>
</arguments>
<msg timestamp="20200521 14:33:42.142" level="INFO" html="yes">Appended to file '&lt;a href="file://C:\Users\fitim\IdeaProjects\PythonProject\PythonProject\keywords\tasks_duration.txt"&gt;C:\Users\fitim\IdeaProjects\PythonProject\PythonProject\keywords\tasks_duration.txt&lt;/a&gt;'.</msg>
<status status="PASS" starttime="20200521 14:33:42.111" endtime="20200521 14:33:42.142"></status>
</kw>
<status status="PASS" starttime="20200521 14:33:42.111" endtime="20200521 14:33:42.142"></status>
</kw>
<kw name="${i} =  'task name: CUcwaDataSynchronizer average: 941.67 max: 1017.0 min: 813.0'" type="foritem">
<kw name="Log" library="BuiltIn">
<doc>Logs the given message with the given level.</doc>
<arguments>
<arg>${i}</arg>
</arguments>
<msg timestamp="20200521 14:33:42.142" level="INFO"> 'task name: CUcwaDataSynchronizer average: 941.67 max: 1017.0 min: 813.0'</msg>
<status status="PASS" starttime="20200521 14:33:42.142" endtime="20200521 14:33:42.142"></status>
</kw>
<kw name="Append To File" library="OperatingSystem">
<doc>Appends the given content to the specified file.</doc>
<arguments>
<arg>C:\\Users\\fitim\\IdeaProjects\\PythonProject\\PythonProject\\keywords${/}tasks_duration.txt</arg>
<arg>${i}${\n}</arg>
</arguments>
<msg timestamp="20200521 14:33:42.158" level="INFO" html="yes">Appended to file '&lt;a href="file://C:\Users\fitim\IdeaProjects\PythonProject\PythonProject\keywords\tasks_duration.txt"&gt;C:\Users\fitim\IdeaProjects\PythonProject\PythonProject\keywords\tasks_duration.txt&lt;/a&gt;'.</msg>
<status status="PASS" starttime="20200521 14:33:42.142" endtime="20200521 14:33:42.158"></status>
</kw>
<status status="PASS" starttime="20200521 14:33:42.142" endtime="20200521 14:33:42.158"></status>
</kw>
<kw name="${i} =  'task name: CUcwaDataSynchronizer average: 1836.78 max: 10733.0 min: 38.0'" type="foritem">
<kw name="Log" library="BuiltIn">
<doc>Logs the given message with the given level.</doc>
<arguments>
<arg>${i}</arg>
</arguments>
<msg timestamp="20200521 14:33:42.173" level="INFO"> 'task name: CUcwaDataSynchronizer average: 1836.78 max: 10733.0 min: 38.0'</msg>
<status status="PASS" starttime="20200521 14:33:42.158" endtime="20200521 14:33:42.173"></status>
</kw>
<kw name="Append To File" library="OperatingSystem">
<doc>Appends the given content to the specified file.</doc>
<arguments>
<arg>C:\\Users\\fitim\\IdeaProjects\\PythonProject\\PythonProject\\keywords${/}tasks_duration.txt</arg>
<arg>${i}${\n}</arg>
</arguments>
<msg timestamp="20200521 14:33:42.173" level="INFO" html="yes">Appended to file '&lt;a href="file://C:\Users\fitim\IdeaProjects\PythonProject\PythonProject\keywords\tasks_duration.txt"&gt;C:\Users\fitim\IdeaProjects\PythonProject\PythonProject\keywords\tasks_duration.txt&lt;/a&gt;'.</msg>
<status status="PASS" starttime="20200521 14:33:42.173" endtime="20200521 14:33:42.173"></status>
</kw>
<status status="PASS" starttime="20200521 14:33:42.158" endtime="20200521 14:33:42.173"></status>
</kw>
<kw name="${i} =  'task name: CMetaDataManager average: 586.5 max: 777.0 min: 430.0'" type="foritem">
<kw name="Log" library="BuiltIn">
<doc>Logs the given message with the given level.</doc>
<arguments>
<arg>${i}</arg>
</arguments>
<msg timestamp="20200521 14:33:42.189" level="INFO"> 'task name: CMetaDataManager average: 586.5 max: 777.0 min: 430.0'</msg>
<status status="PASS" starttime="20200521 14:33:42.189" endtime="20200521 14:33:42.189"></status>
</kw>
<kw name="Append To File" library="OperatingSystem">
<doc>Appends the given content to the specified file.</doc>
<arguments>
<arg>C:\\Users\\fitim\\IdeaProjects\\PythonProject\\PythonProject\\keywords${/}tasks_duration.txt</arg>
<arg>${i}${\n}</arg>
</arguments>
<msg timestamp="20200521 14:33:42.205" level="INFO" html="yes">Appended to file '&lt;a href="file://C:\Users\fitim\IdeaProjects\PythonProject\PythonProject\keywords\tasks_duration.txt"&gt;C:\Users\fitim\IdeaProjects\PythonProject\PythonProject\keywords\tasks_duration.txt&lt;/a&gt;'.</msg>
<status status="PASS" starttime="20200521 14:33:42.189" endtime="20200521 14:33:42.205"></status>
</kw>
<status status="PASS" starttime="20200521 14:33:42.173" endtime="20200521 14:33:42.205"></status>
</kw>
<kw name="${i} =  'task name: CMetaDataManager average: 1836.78 max: 10733.0 min: 38.0'" type="foritem">
<kw name="Log" library="BuiltIn">
<doc>Logs the given message with the given level.</doc>
<arguments>
<arg>${i}</arg>
</arguments>
<msg timestamp="20200521 14:33:42.205" level="INFO"> 'task name: CMetaDataManager average: 1836.78 max: 10733.0 min: 38.0'</msg>
<status status="PASS" starttime="20200521 14:33:42.205" endtime="20200521 14:33:42.205"></status>
</kw>
<kw name="Append To File" library="OperatingSystem">
<doc>Appends the given content to the specified file.</doc>
<arguments>
<arg>C:\\Users\\fitim\\IdeaProjects\\PythonProject\\PythonProject\\keywords${/}tasks_duration.txt</arg>
<arg>${i}${\n}</arg>
</arguments>
<msg timestamp="20200521 14:33:42.220" level="INFO" html="yes">Appended to file '&lt;a href="file://C:\Users\fitim\IdeaProjects\PythonProject\PythonProject\keywords\tasks_duration.txt"&gt;C:\Users\fitim\IdeaProjects\PythonProject\PythonProject\keywords\tasks_duration.txt&lt;/a&gt;'.</msg>
<status status="PASS" starttime="20200521 14:33:42.205" endtime="20200521 14:33:42.220"></status>
</kw>
<status status="PASS" starttime="20200521 14:33:42.205" endtime="20200521 14:33:42.220"></status>
</kw>
<kw name="${i} =  'task name: CEwsAutoDiscoverManager average: 520.0 max: 520.0 min: 520.0'" type="foritem">
<kw name="Log" library="BuiltIn">
<doc>Logs the given message with the given level.</doc>
<arguments>
<arg>${i}</arg>
</arguments>
<msg timestamp="20200521 14:33:42.220" level="INFO"> 'task name: CEwsAutoDiscoverManager average: 520.0 max: 520.0 min: 520.0'</msg>
<status status="PASS" starttime="20200521 14:33:42.220" endtime="20200521 14:33:42.220"></status>
</kw>
<kw name="Append To File" library="OperatingSystem">
<doc>Appends the given content to the specified file.</doc>
<arguments>
<arg>C:\\Users\\fitim\\IdeaProjects\\PythonProject\\PythonProject\\keywords${/}tasks_duration.txt</arg>
<arg>${i}${\n}</arg>
</arguments>
<msg timestamp="20200521 14:33:42.220" level="INFO" html="yes">Appended to file '&lt;a href="file://C:\Users\fitim\IdeaProjects\PythonProject\PythonProject\keywords\tasks_duration.txt"&gt;C:\Users\fitim\IdeaProjects\PythonProject\PythonProject\keywords\tasks_duration.txt&lt;/a&gt;'.</msg>
<status status="PASS" starttime="20200521 14:33:42.220" endtime="20200521 14:33:42.220"></status>
</kw>
<status status="PASS" starttime="20200521 14:33:42.220" endtime="20200521 14:33:42.220"></status>
</kw>
<kw name="${i} =  'task name: CEwsAutoDiscoverManager average: 1836.78 max: 10733.0 min: 38.0'" type="foritem">
<kw name="Log" library="BuiltIn">
<doc>Logs the given message with the given level.</doc>
<arguments>
<arg>${i}</arg>
</arguments>
<msg timestamp="20200521 14:33:42.220" level="INFO"> 'task name: CEwsAutoDiscoverManager average: 1836.78 max: 10733.0 min: 38.0'</msg>
<status status="PASS" starttime="20200521 14:33:42.220" endtime="20200521 14:33:42.220"></status>
</kw>
<kw name="Append To File" library="OperatingSystem">
<doc>Appends the given content to the specified file.</doc>
<arguments>
<arg>C:\\Users\\fitim\\IdeaProjects\\PythonProject\\PythonProject\\keywords${/}tasks_duration.txt</arg>
<arg>${i}${\n}</arg>
</arguments>
<msg timestamp="20200521 14:33:42.314" level="INFO" html="yes">Appended to file '&lt;a href="file://C:\Users\fitim\IdeaProjects\PythonProject\PythonProject\keywords\tasks_duration.txt"&gt;C:\Users\fitim\IdeaProjects\PythonProject\PythonProject\keywords\tasks_duration.txt&lt;/a&gt;'.</msg>
<status status="PASS" starttime="20200521 14:33:42.220" endtime="20200521 14:33:42.314"></status>
</kw>
<status status="PASS" starttime="20200521 14:33:42.220" endtime="20200521 14:33:42.314"></status>
</kw>
<kw name="${i} =  'task name: CDnsLookup average: 187.25 max: 271.0 min: 65.0'" type="foritem">
<kw name="Log" library="BuiltIn">
<doc>Logs the given message with the given level.</doc>
<arguments>
<arg>${i}</arg>
</arguments>
<msg timestamp="20200521 14:33:42.314" level="INFO"> 'task name: CDnsLookup average: 187.25 max: 271.0 min: 65.0'</msg>
<status status="PASS" starttime="20200521 14:33:42.314" endtime="20200521 14:33:42.314"></status>
</kw>
<kw name="Append To File" library="OperatingSystem">
<doc>Appends the given content to the specified file.</doc>
<arguments>
<arg>C:\\Users\\fitim\\IdeaProjects\\PythonProject\\PythonProject\\keywords${/}tasks_duration.txt</arg>
<arg>${i}${\n}</arg>
</arguments>
<msg timestamp="20200521 14:33:42.423" level="INFO" html="yes">Appended to file '&lt;a href="file://C:\Users\fitim\IdeaProjects\PythonProject\PythonProject\keywords\tasks_duration.txt"&gt;C:\Users\fitim\IdeaProjects\PythonProject\PythonProject\keywords\tasks_duration.txt&lt;/a&gt;'.</msg>
<status status="PASS" starttime="20200521 14:33:42.314" endtime="20200521 14:33:42.423"></status>
</kw>
<status status="PASS" starttime="20200521 14:33:42.314" endtime="20200521 14:33:42.423"></status>
</kw>
<kw name="${i} =  'task name: CDnsLookup average: 1836.78 max: 10733.0 min: 38.0'" type="foritem">
<kw name="Log" library="BuiltIn">
<doc>Logs the given message with the given level.</doc>
<arguments>
<arg>${i}</arg>
</arguments>
<msg timestamp="20200521 14:33:42.423" level="INFO"> 'task name: CDnsLookup average: 1836.78 max: 10733.0 min: 38.0'</msg>
<status status="PASS" starttime="20200521 14:33:42.423" endtime="20200521 14:33:42.423"></status>
</kw>
<kw name="Append To File" library="OperatingSystem">
<doc>Appends the given content to the specified file.</doc>
<arguments>
<arg>C:\\Users\\fitim\\IdeaProjects\\PythonProject\\PythonProject\\keywords${/}tasks_duration.txt</arg>
<arg>${i}${\n}</arg>
</arguments>
<msg timestamp="20200521 14:33:42.542" level="INFO" html="yes">Appended to file '&lt;a href="file://C:\Users\fitim\IdeaProjects\PythonProject\PythonProject\keywords\tasks_duration.txt"&gt;C:\Users\fitim\IdeaProjects\PythonProject\PythonProject\keywords\tasks_duration.txt&lt;/a&gt;'.</msg>
<status status="PASS" starttime="20200521 14:33:42.423" endtime="20200521 14:33:42.542"></status>
</kw>
<status status="PASS" starttime="20200521 14:33:42.423" endtime="20200521 14:33:42.542"></status>
</kw>
<kw name="${i} =  'task name: CRequestManager average: 205.5 max: 297.0 min: 114.0'" type="foritem">
<kw name="Log" library="BuiltIn">
<doc>Logs the given message with the given level.</doc>
<arguments>
<arg>${i}</arg>
</arguments>
<msg timestamp="20200521 14:33:42.544" level="INFO"> 'task name: CRequestManager average: 205.5 max: 297.0 min: 114.0'</msg>
<status status="PASS" starttime="20200521 14:33:42.543" endtime="20200521 14:33:42.544"></status>
</kw>
<kw name="Append To File" library="OperatingSystem">
<doc>Appends the given content to the specified file.</doc>
<arguments>
<arg>C:\\Users\\fitim\\IdeaProjects\\PythonProject\\PythonProject\\keywords${/}tasks_duration.txt</arg>
<arg>${i}${\n}</arg>
</arguments>
<msg timestamp="20200521 14:33:42.727" level="INFO" html="yes">Appended to file '&lt;a href="file://C:\Users\fitim\IdeaProjects\PythonProject\PythonProject\keywords\tasks_duration.txt"&gt;C:\Users\fitim\IdeaProjects\PythonProject\PythonProject\keywords\tasks_duration.txt&lt;/a&gt;'.</msg>
<status status="PASS" starttime="20200521 14:33:42.544" endtime="20200521 14:33:42.728"></status>
</kw>
<status status="PASS" starttime="20200521 14:33:42.543" endtime="20200521 14:33:42.728"></status>
</kw>
<kw name="${i} =  'task name: CRequestManager average: 1836.78 max: 10733.0 min: 38.0'" type="foritem">
<kw name="Log" library="BuiltIn">
<doc>Logs the given message with the given level.</doc>
<arguments>
<arg>${i}</arg>
</arguments>
<msg timestamp="20200521 14:33:42.729" level="INFO"> 'task name: CRequestManager average: 1836.78 max: 10733.0 min: 38.0'</msg>
<status status="PASS" starttime="20200521 14:33:42.728" endtime="20200521 14:33:42.729"></status>
</kw>
<kw name="Append To File" library="OperatingSystem">
<doc>Appends the given content to the specified file.</doc>
<arguments>
<arg>C:\\Users\\fitim\\IdeaProjects\\PythonProject\\PythonProject\\keywords${/}tasks_duration.txt</arg>
<arg>${i}${\n}</arg>
</arguments>
<msg timestamp="20200521 14:33:42.822" level="INFO" html="yes">Appended to file '&lt;a href="file://C:\Users\fitim\IdeaProjects\PythonProject\PythonProject\keywords\tasks_duration.txt"&gt;C:\Users\fitim\IdeaProjects\PythonProject\PythonProject\keywords\tasks_duration.txt&lt;/a&gt;'.</msg>
<status status="PASS" starttime="20200521 14:33:42.730" endtime="20200521 14:33:42.822"></status>
</kw>
<status status="PASS" starttime="20200521 14:33:42.728" endtime="20200521 14:33:42.822"></status>
</kw>
<kw name="${i} =  'task name: CHttpRequestProcessor average: 214.67 max: 270.0 min: 173.0'" type="foritem">
<kw name="Log" library="BuiltIn">
<doc>Logs the given message with the given level.</doc>
<arguments>
<arg>${i}</arg>
</arguments>
<msg timestamp="20200521 14:33:42.824" level="INFO"> 'task name: CHttpRequestProcessor average: 214.67 max: 270.0 min: 173.0'</msg>
<status status="PASS" starttime="20200521 14:33:42.823" endtime="20200521 14:33:42.824"></status>
</kw>
<kw name="Append To File" library="OperatingSystem">
<doc>Appends the given content to the specified file.</doc>
<arguments>
<arg>C:\\Users\\fitim\\IdeaProjects\\PythonProject\\PythonProject\\keywords${/}tasks_duration.txt</arg>
<arg>${i}${\n}</arg>
</arguments>
<msg timestamp="20200521 14:33:42.826" level="INFO" html="yes">Appended to file '&lt;a href="file://C:\Users\fitim\IdeaProjects\PythonProject\PythonProject\keywords\tasks_duration.txt"&gt;C:\Users\fitim\IdeaProjects\PythonProject\PythonProject\keywords\tasks_duration.txt&lt;/a&gt;'.</msg>
<status status="PASS" starttime="20200521 14:33:42.824" endtime="20200521 14:33:42.826"></status>
</kw>
<status status="PASS" starttime="20200521 14:33:42.822" endtime="20200521 14:33:42.826"></status>
</kw>
<kw name="${i} =  'task name: CHttpRequestProcessor average: 1836.78 max: 10733.0 min: 38.0'" type="foritem">
<kw name="Log" library="BuiltIn">
<doc>Logs the given message with the given level.</doc>
<arguments>
<arg>${i}</arg>
</arguments>
<msg timestamp="20200521 14:33:42.828" level="INFO"> 'task name: CHttpRequestProcessor average: 1836.78 max: 10733.0 min: 38.0'</msg>
<status status="PASS" starttime="20200521 14:33:42.827" endtime="20200521 14:33:42.828"></status>
</kw>
<kw name="Append To File" library="OperatingSystem">
<doc>Appends the given content to the specified file.</doc>
<arguments>
<arg>C:\\Users\\fitim\\IdeaProjects\\PythonProject\\PythonProject\\keywords${/}tasks_duration.txt</arg>
<arg>${i}${\n}</arg>
</arguments>
<msg timestamp="20200521 14:33:42.871" level="INFO" html="yes">Appended to file '&lt;a href="file://C:\Users\fitim\IdeaProjects\PythonProject\PythonProject\keywords\tasks_duration.txt"&gt;C:\Users\fitim\IdeaProjects\PythonProject\PythonProject\keywords\tasks_duration.txt&lt;/a&gt;'.</msg>
<status status="PASS" starttime="20200521 14:33:42.829" endtime="20200521 14:33:42.871"></status>
</kw>
<status status="PASS" starttime="20200521 14:33:42.827" endtime="20200521 14:33:42.871"></status>
</kw>
<kw name="${i} =  'task name: CCredentialManager average: 223.33 max: 291.0 min: 172.0'" type="foritem">
<kw name="Log" library="BuiltIn">
<doc>Logs the given message with the given level.</doc>
<arguments>
<arg>${i}</arg>
</arguments>
<msg timestamp="20200521 14:33:42.875" level="INFO"> 'task name: CCredentialManager average: 223.33 max: 291.0 min: 172.0'</msg>
<status status="PASS" starttime="20200521 14:33:42.872" endtime="20200521 14:33:42.878"></status>
</kw>
<kw name="Append To File" library="OperatingSystem">
<doc>Appends the given content to the specified file.</doc>
<arguments>
<arg>C:\\Users\\fitim\\IdeaProjects\\PythonProject\\PythonProject\\keywords${/}tasks_duration.txt</arg>
<arg>${i}${\n}</arg>
</arguments>
<msg timestamp="20200521 14:33:43.067" level="INFO" html="yes">Appended to file '&lt;a href="file://C:\Users\fitim\IdeaProjects\PythonProject\PythonProject\keywords\tasks_duration.txt"&gt;C:\Users\fitim\IdeaProjects\PythonProject\PythonProject\keywords\tasks_duration.txt&lt;/a&gt;'.</msg>
<status status="PASS" starttime="20200521 14:33:42.880" endtime="20200521 14:33:43.067"></status>
</kw>
<status status="PASS" starttime="20200521 14:33:42.872" endtime="20200521 14:33:43.067"></status>
</kw>
<kw name="${i} =  'task name: CCredentialManager average: 1836.78 max: 10733.0 min: 38.0'" type="foritem">
<kw name="Log" library="BuiltIn">
<doc>Logs the given message with the given level.</doc>
<arguments>
<arg>${i}</arg>
</arguments>
<msg timestamp="20200521 14:33:43.067" level="INFO"> 'task name: CCredentialManager average: 1836.78 max: 10733.0 min: 38.0'</msg>
<status status="PASS" starttime="20200521 14:33:43.067" endtime="20200521 14:33:43.067"></status>
</kw>
<kw name="Append To File" library="OperatingSystem">
<doc>Appends the given content to the specified file.</doc>
<arguments>
<arg>C:\\Users\\fitim\\IdeaProjects\\PythonProject\\PythonProject\\keywords${/}tasks_duration.txt</arg>
<arg>${i}${\n}</arg>
</arguments>
<msg timestamp="20200521 14:33:43.224" level="INFO" html="yes">Appended to file '&lt;a href="file://C:\Users\fitim\IdeaProjects\PythonProject\PythonProject\keywords\tasks_duration.txt"&gt;C:\Users\fitim\IdeaProjects\PythonProject\PythonProject\keywords\tasks_duration.txt&lt;/a&gt;'.</msg>
<status status="PASS" starttime="20200521 14:33:43.067" endtime="20200521 14:33:43.224"></status>
</kw>
<status status="PASS" starttime="20200521 14:33:43.067" endtime="20200521 14:33:43.224"></status>
</kw>
<kw name="${i} =  'task name: CPersonsAndGroupsSearchQuery average: 1213.5 max: 1286.0 min: 1141.0'" type="foritem">
<kw name="Log" library="BuiltIn">
<doc>Logs the given message with the given level.</doc>
<arguments>
<arg>${i}</arg>
</arguments>
<msg timestamp="20200521 14:33:43.224" level="INFO"> 'task name: CPersonsAndGroupsSearchQuery average: 1213.5 max: 1286.0 min: 1141.0'</msg>
<status status="PASS" starttime="20200521 14:33:43.224" endtime="20200521 14:33:43.224"></status>
</kw>
<kw name="Append To File" library="OperatingSystem">
<doc>Appends the given content to the specified file.</doc>
<arguments>
<arg>C:\\Users\\fitim\\IdeaProjects\\PythonProject\\PythonProject\\keywords${/}tasks_duration.txt</arg>
<arg>${i}${\n}</arg>
</arguments>
<msg timestamp="20200521 14:33:43.302" level="INFO" html="yes">Appended to file '&lt;a href="file://C:\Users\fitim\IdeaProjects\PythonProject\PythonProject\keywords\tasks_duration.txt"&gt;C:\Users\fitim\IdeaProjects\PythonProject\PythonProject\keywords\tasks_duration.txt&lt;/a&gt;'.</msg>
<status status="PASS" starttime="20200521 14:33:43.224" endtime="20200521 14:33:43.302"></status>
</kw>
<status status="PASS" starttime="20200521 14:33:43.224" endtime="20200521 14:33:43.302"></status>
</kw>
<kw name="${i} =  'task name: CPersonsAndGroupsSearchQuery average: 1836.78 max: 10733.0 min: 38.0'" type="foritem">
<kw name="Log" library="BuiltIn">
<doc>Logs the given message with the given level.</doc>
<arguments>
<arg>${i}</arg>
</arguments>
<msg timestamp="20200521 14:33:43.302" level="INFO"> 'task name: CPersonsAndGroupsSearchQuery average: 1836.78 max: 10733.0 min: 38.0'</msg>
<status status="PASS" starttime="20200521 14:33:43.302" endtime="20200521 14:33:43.302"></status>
</kw>
<kw name="Append To File" library="OperatingSystem">
<doc>Appends the given content to the specified file.</doc>
<arguments>
<arg>C:\\Users\\fitim\\IdeaProjects\\PythonProject\\PythonProject\\keywords${/}tasks_duration.txt</arg>
<arg>${i}${\n}</arg>
</arguments>
<msg timestamp="20200521 14:33:43.428" level="INFO" html="yes">Appended to file '&lt;a href="file://C:\Users\fitim\IdeaProjects\PythonProject\PythonProject\keywords\tasks_duration.txt"&gt;C:\Users\fitim\IdeaProjects\PythonProject\PythonProject\keywords\tasks_duration.txt&lt;/a&gt;'.</msg>
<status status="PASS" starttime="20200521 14:33:43.302" endtime="20200521 14:33:43.428"></status>
</kw>
<status status="PASS" starttime="20200521 14:33:43.302" endtime="20200521 14:33:43.428"></status>
</kw>
<kw name="${i} =  'task name: CUcwaResourceRequest average: 247.0 max: 247.0 min: 247.0'" type="foritem">
<kw name="Log" library="BuiltIn">
<doc>Logs the given message with the given level.</doc>
<arguments>
<arg>${i}</arg>
</arguments>
<msg timestamp="20200521 14:33:43.429" level="INFO"> 'task name: CUcwaResourceRequest average: 247.0 max: 247.0 min: 247.0'</msg>
<status status="PASS" starttime="20200521 14:33:43.429" endtime="20200521 14:33:43.430"></status>
</kw>
<kw name="Append To File" library="OperatingSystem">
<doc>Appends the given content to the specified file.</doc>
<arguments>
<arg>C:\\Users\\fitim\\IdeaProjects\\PythonProject\\PythonProject\\keywords${/}tasks_duration.txt</arg>
<arg>${i}${\n}</arg>
</arguments>
<msg timestamp="20200521 14:33:43.464" level="INFO" html="yes">Appended to file '&lt;a href="file://C:\Users\fitim\IdeaProjects\PythonProject\PythonProject\keywords\tasks_duration.txt"&gt;C:\Users\fitim\IdeaProjects\PythonProject\PythonProject\keywords\tasks_duration.txt&lt;/a&gt;'.</msg>
<status status="PASS" starttime="20200521 14:33:43.430" endtime="20200521 14:33:43.464"></status>
</kw>
<status status="PASS" starttime="20200521 14:33:43.428" endtime="20200521 14:33:43.464"></status>
</kw>
<kw name="${i} =  'task name: CUcwaResourceRequest average: 1836.78 max: 10733.0 min: 38.0'" type="foritem">
<kw name="Log" library="BuiltIn">
<doc>Logs the given message with the given level.</doc>
<arguments>
<arg>${i}</arg>
</arguments>
<msg timestamp="20200521 14:33:43.466" level="INFO"> 'task name: CUcwaResourceRequest average: 1836.78 max: 10733.0 min: 38.0'</msg>
<status status="PASS" starttime="20200521 14:33:43.465" endtime="20200521 14:33:43.466"></status>
</kw>
<kw name="Append To File" library="OperatingSystem">
<doc>Appends the given content to the specified file.</doc>
<arguments>
<arg>C:\\Users\\fitim\\IdeaProjects\\PythonProject\\PythonProject\\keywords${/}tasks_duration.txt</arg>
<arg>${i}${\n}</arg>
</arguments>
<msg timestamp="20200521 14:33:43.488" level="INFO" html="yes">Appended to file '&lt;a href="file://C:\Users\fitim\IdeaProjects\PythonProject\PythonProject\keywords\tasks_duration.txt"&gt;C:\Users\fitim\IdeaProjects\PythonProject\PythonProject\keywords\tasks_duration.txt&lt;/a&gt;'.</msg>
<status status="PASS" starttime="20200521 14:33:43.467" endtime="20200521 14:33:43.489"></status>
</kw>
<status status="PASS" starttime="20200521 14:33:43.464" endtime="20200521 14:33:43.489"></status>
</kw>
<kw name="${i} =  'task name: CBindingTransformationFactory average: 273.0 max: 288.0 min: 258.0'" type="foritem">
<kw name="Log" library="BuiltIn">
<doc>Logs the given message with the given level.</doc>
<arguments>
<arg>${i}</arg>
</arguments>
<msg timestamp="20200521 14:33:43.490" level="INFO"> 'task name: CBindingTransformationFactory average: 273.0 max: 288.0 min: 258.0'</msg>
<status status="PASS" starttime="20200521 14:33:43.490" endtime="20200521 14:33:43.490"></status>
</kw>
<kw name="Append To File" library="OperatingSystem">
<doc>Appends the given content to the specified file.</doc>
<arguments>
<arg>C:\\Users\\fitim\\IdeaProjects\\PythonProject\\PythonProject\\keywords${/}tasks_duration.txt</arg>
<arg>${i}${\n}</arg>
</arguments>
<msg timestamp="20200521 14:33:43.515" level="INFO" html="yes">Appended to file '&lt;a href="file://C:\Users\fitim\IdeaProjects\PythonProject\PythonProject\keywords\tasks_duration.txt"&gt;C:\Users\fitim\IdeaProjects\PythonProject\PythonProject\keywords\tasks_duration.txt&lt;/a&gt;'.</msg>
<status status="PASS" starttime="20200521 14:33:43.491" endtime="20200521 14:33:43.515"></status>
</kw>
<status status="PASS" starttime="20200521 14:33:43.489" endtime="20200521 14:33:43.515"></status>
</kw>
<kw name="${i} =  'task name: CBindingTransformationFactory average: 1836.78 max: 10733.0 min: 38.0'" type="foritem">
<kw name="Log" library="BuiltIn">
<doc>Logs the given message with the given level.</doc>
<arguments>
<arg>${i}</arg>
</arguments>
<msg timestamp="20200521 14:33:43.515" level="INFO"> 'task name: CBindingTransformationFactory average: 1836.78 max: 10733.0 min: 38.0'</msg>
<status status="PASS" starttime="20200521 14:33:43.515" endtime="20200521 14:33:43.515"></status>
</kw>
<kw name="Append To File" library="OperatingSystem">
<doc>Appends the given content to the specified file.</doc>
<arguments>
<arg>C:\\Users\\fitim\\IdeaProjects\\PythonProject\\PythonProject\\keywords${/}tasks_duration.txt</arg>
<arg>${i}${\n}</arg>
</arguments>
<msg timestamp="20200521 14:33:43.608" level="INFO" html="yes">Appended to file '&lt;a href="file://C:\Users\fitim\IdeaProjects\PythonProject\PythonProject\keywords\tasks_duration.txt"&gt;C:\Users\fitim\IdeaProjects\PythonProject\PythonProject\keywords\tasks_duration.txt&lt;/a&gt;'.</msg>
<status status="PASS" starttime="20200521 14:33:43.515" endtime="20200521 14:33:43.608"></status>
</kw>
<status status="PASS" starttime="20200521 14:33:43.515" endtime="20200521 14:33:43.608"></status>
</kw>
<kw name="${i} =  'task name: CUcmpConversation average: 5031.38 max: 9507.0 min: 467.0'" type="foritem">
<kw name="Log" library="BuiltIn">
<doc>Logs the given message with the given level.</doc>
<arguments>
<arg>${i}</arg>
</arguments>
<msg timestamp="20200521 14:33:43.608" level="INFO"> 'task name: CUcmpConversation average: 5031.38 max: 9507.0 min: 467.0'</msg>
<status status="PASS" starttime="20200521 14:33:43.608" endtime="20200521 14:33:43.608"></status>
</kw>
<kw name="Append To File" library="OperatingSystem">
<doc>Appends the given content to the specified file.</doc>
<arguments>
<arg>C:\\Users\\fitim\\IdeaProjects\\PythonProject\\PythonProject\\keywords${/}tasks_duration.txt</arg>
<arg>${i}${\n}</arg>
</arguments>
<msg timestamp="20200521 14:33:43.608" level="INFO" html="yes">Appended to file '&lt;a href="file://C:\Users\fitim\IdeaProjects\PythonProject\PythonProject\keywords\tasks_duration.txt"&gt;C:\Users\fitim\IdeaProjects\PythonProject\PythonProject\keywords\tasks_duration.txt&lt;/a&gt;'.</msg>
<status status="PASS" starttime="20200521 14:33:43.608" endtime="20200521 14:33:43.608"></status>
</kw>
<status status="PASS" starttime="20200521 14:33:43.608" endtime="20200521 14:33:43.608"></status>
</kw>
<kw name="${i} =  'task name: CUcmpConversation average: 1836.78 max: 10733.0 min: 38.0'" type="foritem">
<kw name="Log" library="BuiltIn">
<doc>Logs the given message with the given level.</doc>
<arguments>
<arg>${i}</arg>
</arguments>
<msg timestamp="20200521 14:33:43.624" level="INFO"> 'task name: CUcmpConversation average: 1836.78 max: 10733.0 min: 38.0'</msg>
<status status="PASS" starttime="20200521 14:33:43.624" endtime="20200521 14:33:43.624"></status>
</kw>
<kw name="Append To File" library="OperatingSystem">
<doc>Appends the given content to the specified file.</doc>
<arguments>
<arg>C:\\Users\\fitim\\IdeaProjects\\PythonProject\\PythonProject\\keywords${/}tasks_duration.txt</arg>
<arg>${i}${\n}</arg>
</arguments>
<msg timestamp="20200521 14:33:43.671" level="INFO" html="yes">Appended to file '&lt;a href="file://C:\Users\fitim\IdeaProjects\PythonProject\PythonProject\keywords\tasks_duration.txt"&gt;C:\Users\fitim\IdeaProjects\PythonProject\PythonProject\keywords\tasks_duration.txt&lt;/a&gt;'.</msg>
<status status="PASS" starttime="20200521 14:33:43.624" endtime="20200521 14:33:43.671"></status>
</kw>
<status status="PASS" starttime="20200521 14:33:43.624" endtime="20200521 14:33:43.671"></status>
</kw>
<kw name="${i} =  'task name: CEwsCalendarMailboxFolder average: 247.0 max: 247.0 min: 247.0'" type="foritem">
<kw name="Log" library="BuiltIn">
<doc>Logs the given message with the given level.</doc>
<arguments>
<arg>${i}</arg>
</arguments>
<msg timestamp="20200521 14:33:43.671" level="INFO"> 'task name: CEwsCalendarMailboxFolder average: 247.0 max: 247.0 min: 247.0'</msg>
<status status="PASS" starttime="20200521 14:33:43.671" endtime="20200521 14:33:43.671"></status>
</kw>
<kw name="Append To File" library="OperatingSystem">
<doc>Appends the given content to the specified file.</doc>
<arguments>
<arg>C:\\Users\\fitim\\IdeaProjects\\PythonProject\\PythonProject\\keywords${/}tasks_duration.txt</arg>
<arg>${i}${\n}</arg>
</arguments>
<msg timestamp="20200521 14:33:43.671" level="INFO" html="yes">Appended to file '&lt;a href="file://C:\Users\fitim\IdeaProjects\PythonProject\PythonProject\keywords\tasks_duration.txt"&gt;C:\Users\fitim\IdeaProjects\PythonProject\PythonProject\keywords\tasks_duration.txt&lt;/a&gt;'.</msg>
<status status="PASS" starttime="20200521 14:33:43.671" endtime="20200521 14:33:43.671"></status>
</kw>
<status status="PASS" starttime="20200521 14:33:43.671" endtime="20200521 14:33:43.671"></status>
</kw>
<kw name="${i} =  'task name: CEwsCalendarMailboxFolder average: 1836.78 max: 10733.0 min: 38.0'" type="foritem">
<kw name="Log" library="BuiltIn">
<doc>Logs the given message with the given level.</doc>
<arguments>
<arg>${i}</arg>
</arguments>
<msg timestamp="20200521 14:33:43.671" level="INFO"> 'task name: CEwsCalendarMailboxFolder average: 1836.78 max: 10733.0 min: 38.0'</msg>
<status status="PASS" starttime="20200521 14:33:43.671" endtime="20200521 14:33:43.671"></status>
</kw>
<kw name="Append To File" library="OperatingSystem">
<doc>Appends the given content to the specified file.</doc>
<arguments>
<arg>C:\\Users\\fitim\\IdeaProjects\\PythonProject\\PythonProject\\keywords${/}tasks_duration.txt</arg>
<arg>${i}${\n}</arg>
</arguments>
<msg timestamp="20200521 14:33:43.718" level="INFO" html="yes">Appended to file '&lt;a href="file://C:\Users\fitim\IdeaProjects\PythonProject\PythonProject\keywords\tasks_duration.txt"&gt;C:\Users\fitim\IdeaProjects\PythonProject\PythonProject\keywords\tasks_duration.txt&lt;/a&gt;'.</msg>
<status status="PASS" starttime="20200521 14:33:43.671" endtime="20200521 14:33:43.718"></status>
</kw>
<status status="PASS" starttime="20200521 14:33:43.671" endtime="20200521 14:33:43.718"></status>
</kw>
<kw name="${i} =  'task name: CClientProfile average: 425.0 max: 425.0 min: 425.0'" type="foritem">
<kw name="Log" library="BuiltIn">
<doc>Logs the given message with the given level.</doc>
<arguments>
<arg>${i}</arg>
</arguments>
<msg timestamp="20200521 14:33:43.734" level="INFO"> 'task name: CClientProfile average: 425.0 max: 425.0 min: 425.0'</msg>
<status status="PASS" starttime="20200521 14:33:43.734" endtime="20200521 14:33:43.734"></status>
</kw>
<kw name="Append To File" library="OperatingSystem">
<doc>Appends the given content to the specified file.</doc>
<arguments>
<arg>C:\\Users\\fitim\\IdeaProjects\\PythonProject\\PythonProject\\keywords${/}tasks_duration.txt</arg>
<arg>${i}${\n}</arg>
</arguments>
<msg timestamp="20200521 14:33:43.771" level="INFO" html="yes">Appended to file '&lt;a href="file://C:\Users\fitim\IdeaProjects\PythonProject\PythonProject\keywords\tasks_duration.txt"&gt;C:\Users\fitim\IdeaProjects\PythonProject\PythonProject\keywords\tasks_duration.txt&lt;/a&gt;'.</msg>
<status status="PASS" starttime="20200521 14:33:43.734" endtime="20200521 14:33:43.771"></status>
</kw>
<status status="PASS" starttime="20200521 14:33:43.718" endtime="20200521 14:33:43.771"></status>
</kw>
<kw name="${i} =  'task name: CClientProfile average: 1836.78 max: 10733.0 min: 38.0'" type="foritem">
<kw name="Log" library="BuiltIn">
<doc>Logs the given message with the given level.</doc>
<arguments>
<arg>${i}</arg>
</arguments>
<msg timestamp="20200521 14:33:43.775" level="INFO"> 'task name: CClientProfile average: 1836.78 max: 10733.0 min: 38.0'</msg>
<status status="PASS" starttime="20200521 14:33:43.774" endtime="20200521 14:33:43.775"></status>
</kw>
<kw name="Append To File" library="OperatingSystem">
<doc>Appends the given content to the specified file.</doc>
<arguments>
<arg>C:\\Users\\fitim\\IdeaProjects\\PythonProject\\PythonProject\\keywords${/}tasks_duration.txt</arg>
<arg>${i}${\n}</arg>
</arguments>
<msg timestamp="20200521 14:33:43.824" level="INFO" html="yes">Appended to file '&lt;a href="file://C:\Users\fitim\IdeaProjects\PythonProject\PythonProject\keywords\tasks_duration.txt"&gt;C:\Users\fitim\IdeaProjects\PythonProject\PythonProject\keywords\tasks_duration.txt&lt;/a&gt;'.</msg>
<status status="PASS" starttime="20200521 14:33:43.775" endtime="20200521 14:33:43.824"></status>
</kw>
<status status="PASS" starttime="20200521 14:33:43.774" endtime="20200521 14:33:43.824"></status>
</kw>
<kw name="${i} =  'task name: CMediaDeviceWrapper average: 38.0 max: 38.0 min: 38.0'" type="foritem">
<kw name="Log" library="BuiltIn">
<doc>Logs the given message with the given level.</doc>
<arguments>
<arg>${i}</arg>
</arguments>
<msg timestamp="20200521 14:33:43.824" level="INFO"> 'task name: CMediaDeviceWrapper average: 38.0 max: 38.0 min: 38.0'</msg>
<status status="PASS" starttime="20200521 14:33:43.824" endtime="20200521 14:33:43.824"></status>
</kw>
<kw name="Append To File" library="OperatingSystem">
<doc>Appends the given content to the specified file.</doc>
<arguments>
<arg>C:\\Users\\fitim\\IdeaProjects\\PythonProject\\PythonProject\\keywords${/}tasks_duration.txt</arg>
<arg>${i}${\n}</arg>
</arguments>
[...]
</kw>
<kw name="${i} =  'task name: CUcwaAutoDiscoveryResponse average: 1836.78 max: 10733.0 min: 38.0'" type="foritem">
<kw name="Log" library="BuiltIn">
<doc>Logs the given message with the given level.</doc>
<arguments>
<arg>${i}</arg>
</arguments>
<msg timestamp="20200521 14:33:45.982" level="INFO"> 'task name: CUcwaAutoDiscoveryResponse average: 1836.78 max: 10733.0 min: 38.0'</msg>
<status status="PASS" starttime="20200521 14:33:45.982" endtime="20200521 14:33:45.982"></status>
</kw>
<kw name="Append To File" library="OperatingSystem">
<doc>Appends the given content to the specified file.</doc>
<arguments>
<arg>C:\\Users\\fitim\\IdeaProjects\\PythonProject\\PythonProject\\keywords${/}tasks_duration.txt</arg>
<arg>${i}${\n}</arg>
</arguments>
<msg timestamp="20200521 14:33:45.982" level="INFO" html="yes">Appended to file '&lt;a href="file://C:\Users\fitim\IdeaProjects\PythonProject\PythonProject\keywords\tasks_duration.txt"&gt;C:\Users\fitim\IdeaProjects\PythonProject\PythonProject\keywords\tasks_duration.txt&lt;/a&gt;'.</msg>
<status status="PASS" starttime="20200521 14:33:45.982" endtime="20200521 14:33:45.982"></status>
</kw>
<status status="PASS" starttime="20200521 14:33:45.982" endtime="20200521 14:33:45.982"></status>
</kw>
<kw name="${i} =  'task name: CNetworkMonitor average: 165.67 max: 229.0 min: 70.0'" type="foritem">
<kw name="Log" library="BuiltIn">
<doc>Logs the given message with the given level.</doc>
<arguments>
<arg>${i}</arg>
</arguments>
<msg timestamp="20200521 14:33:45.982" level="INFO"> 'task name: CNetworkMonitor average: 165.67 max: 229.0 min: 70.0'</msg>
<status status="PASS" starttime="20200521 14:33:45.982" endtime="20200521 14:33:45.982"></status>
</kw>
<kw name="Append To File" library="OperatingSystem">
<doc>Appends the given content to the specified file.</doc>
<arguments>
<arg>C:\\Users\\fitim\\IdeaProjects\\PythonProject\\PythonProject\\keywords${/}tasks_duration.txt</arg>
<arg>${i}${\n}</arg>
</arguments>
<msg timestamp="20200521 14:33:45.982" level="INFO" html="yes">Appended to file '&lt;a href="file://C:\Users\fitim\IdeaProjects\PythonProject\PythonProject\keywords\tasks_duration.txt"&gt;C:\Users\fitim\IdeaProjects\PythonProject\PythonProject\keywords\tasks_duration.txt&lt;/a&gt;'.</msg>
<status status="PASS" starttime="20200521 14:33:45.982" endtime="20200521 14:33:45.982"></status>
</kw>
<status status="PASS" starttime="20200521 14:33:45.982" endtime="20200521 14:33:45.982"></status>
</kw>
<kw name="${i} =  'task name: CNetworkMonitor average: 1836.78 max: 10733.0 min: 38.0'" type="foritem">
<kw name="Log" library="BuiltIn">
<doc>Logs the given message with the given level.</doc>
<arguments>
<arg>${i}</arg>
</arguments>
<msg timestamp="20200521 14:33:45.982" level="INFO"> 'task name: CNetworkMonitor average: 1836.78 max: 10733.0 min: 38.0'</msg>
<status status="PASS" starttime="20200521 14:33:45.982" endtime="20200521 14:33:45.982"></status>
</kw>
<kw name="Append To File" library="OperatingSystem">
<doc>Appends the given content to the specified file.</doc>
<arguments>
<arg>C:\\Users\\fitim\\IdeaProjects\\PythonProject\\PythonProject\\keywords${/}tasks_duration.txt</arg>
<arg>${i}${\n}</arg>
</arguments>
<msg timestamp="20200521 14:33:45.997" level="INFO" html="yes">Appended to file '&lt;a href="file://C:\Users\fitim\IdeaProjects\PythonProject\PythonProject\keywords\tasks_duration.txt"&gt;C:\Users\fitim\IdeaProjects\PythonProject\PythonProject\keywords\tasks_duration.txt&lt;/a&gt;'.</msg>
<status status="PASS" starttime="20200521 14:33:45.982" endtime="20200521 14:33:45.997"></status>
</kw>
<status status="PASS" starttime="20200521 14:33:45.982" endtime="20200521 14:33:45.997"></status>
</kw>
<kw name="${i} =  'task name: CUcwaAppSession average: 1128.17 max: 2324.0 min: 193.0'" type="foritem">
<kw name="Log" library="BuiltIn">
<doc>Logs the given message with the given level.</doc>
<arguments>
<arg>${i}</arg>
</arguments>
<msg timestamp="20200521 14:33:45.997" level="INFO"> 'task name: CUcwaAppSession average: 1128.17 max: 2324.0 min: 193.0'</msg>
<status status="PASS" starttime="20200521 14:33:45.997" endtime="20200521 14:33:45.997"></status>
</kw>
<kw name="Append To File" library="OperatingSystem">
<doc>Appends the given content to the specified file.</doc>
<arguments>
<arg>C:\\Users\\fitim\\IdeaProjects\\PythonProject\\PythonProject\\keywords${/}tasks_duration.txt</arg>
<arg>${i}${\n}</arg>
</arguments>
<msg timestamp="20200521 14:33:45.997" level="INFO" html="yes">Appended to file '&lt;a href="file://C:\Users\fitim\IdeaProjects\PythonProject\PythonProject\keywords\tasks_duration.txt"&gt;C:\Users\fitim\IdeaProjects\PythonProject\PythonProject\keywords\tasks_duration.txt&lt;/a&gt;'.</msg>
<status status="PASS" starttime="20200521 14:33:45.997" endtime="20200521 14:33:45.997"></status>
</kw>
<status status="PASS" starttime="20200521 14:33:45.997" endtime="20200521 14:33:45.997"></status>
</kw>
<kw name="${i} =  'task name: CUcwaAppSession average: 1836.78 max: 10733.0 min: 38.0'" type="foritem">
<kw name="Log" library="BuiltIn">
<doc>Logs the given message with the given level.</doc>
<arguments>
<arg>${i}</arg>
</arguments>
<msg timestamp="20200521 14:33:45.997" level="INFO"> 'task name: CUcwaAppSession average: 1836.78 max: 10733.0 min: 38.0'</msg>
<status status="PASS" starttime="20200521 14:33:45.997" endtime="20200521 14:33:45.997"></status>
</kw>
<kw name="Append To File" library="OperatingSystem">
<doc>Appends the given content to the specified file.</doc>
<arguments>
<arg>C:\\Users\\fitim\\IdeaProjects\\PythonProject\\PythonProject\\keywords${/}tasks_duration.txt</arg>
<arg>${i}${\n}</arg>
</arguments>
<msg timestamp="20200521 14:33:45.997" level="INFO" html="yes">Appended to file '&lt;a href="file://C:\Users\fitim\IdeaProjects\PythonProject\PythonProject\keywords\tasks_duration.txt"&gt;C:\Users\fitim\IdeaProjects\PythonProject\PythonProject\keywords\tasks_duration.txt&lt;/a&gt;'.</msg>
<status status="PASS" starttime="20200521 14:33:45.997" endtime="20200521 14:33:45.997"></status>
</kw>
<status status="PASS" starttime="20200521 14:33:45.997" endtime="20200521 14:33:45.997"></status>
</kw>
<kw name="${i} =  'task name: CApplication average: 3366.29 max: 4909.0 min: 850.0'" type="foritem">
<kw name="Log" library="BuiltIn">
<doc>Logs the given message with the given level.</doc>
<arguments>
<arg>${i}</arg>
</arguments>
<msg timestamp="20200521 14:33:46.013" level="INFO"> 'task name: CApplication average: 3366.29 max: 4909.0 min: 850.0'</msg>
<status status="PASS" starttime="20200521 14:33:45.997" endtime="20200521 14:33:46.013"></status>
</kw>
<kw name="Append To File" library="OperatingSystem">
<doc>Appends the given content to the specified file.</doc>
<arguments>
<arg>C:\\Users\\fitim\\IdeaProjects\\PythonProject\\PythonProject\\keywords${/}tasks_duration.txt</arg>
<arg>${i}${\n}</arg>
</arguments>
<msg timestamp="20200521 14:33:46.013" level="INFO" html="yes">Appended to file '&lt;a href="file://C:\Users\fitim\IdeaProjects\PythonProject\PythonProject\keywords\tasks_duration.txt"&gt;C:\Users\fitim\IdeaProjects\PythonProject\PythonProject\keywords\tasks_duration.txt&lt;/a&gt;'.</msg>
<status status="PASS" starttime="20200521 14:33:46.013" endtime="20200521 14:33:46.013"></status>
</kw>
<status status="PASS" starttime="20200521 14:33:45.997" endtime="20200521 14:33:46.013"></status>
</kw>
<kw name="${i} =  'task name: CApplication average: 1836.78 max: 10733.0 min: 38.0'" type="foritem">
<kw name="Log" library="BuiltIn">
<doc>Logs the given message with the given level.</doc>
<arguments>
<arg>${i}</arg>
</arguments>
<msg timestamp="20200521 14:33:46.013" level="INFO"> 'task name: CApplication average: 1836.78 max: 10733.0 min: 38.0'</msg>
<status status="PASS" starttime="20200521 14:33:46.013" endtime="20200521 14:33:46.013"></status>
</kw>
<kw name="Append To File" library="OperatingSystem">
<doc>Appends the given content to the specified file.</doc>
<arguments>
<arg>C:\\Users\\fitim\\IdeaProjects\\PythonProject\\PythonProject\\keywords${/}tasks_duration.txt</arg>
<arg>${i}${\n}</arg>
</arguments>
<msg timestamp="20200521 14:33:46.013" level="INFO" html="yes">Appended to file '&lt;a href="file://C:\Users\fitim\IdeaProjects\PythonProject\PythonProject\keywords\tasks_duration.txt"&gt;C:\Users\fitim\IdeaProjects\PythonProject\PythonProject\keywords\tasks_duration.txt&lt;/a&gt;'.</msg>
<status status="PASS" starttime="20200521 14:33:46.013" endtime="20200521 14:33:46.013"></status>
</kw>
<status status="PASS" starttime="20200521 14:33:46.013" endtime="20200521 14:33:46.013"></status>
</kw>
<kw name="${i} =  'task name: CUcwaSession average: 350.75 max: 472.0 min: 223.0'" type="foritem">
<kw name="Log" library="BuiltIn">
<doc>Logs the given message with the given level.</doc>
<arguments>
<arg>${i}</arg>
</arguments>
<msg timestamp="20200521 14:33:46.013" level="INFO"> 'task name: CUcwaSession average: 350.75 max: 472.0 min: 223.0'</msg>
<status status="PASS" starttime="20200521 14:33:46.013" endtime="20200521 14:33:46.013"></status>
</kw>
<kw name="Append To File" library="OperatingSystem">
<doc>Appends the given content to the specified file.</doc>
<arguments>
<arg>C:\\Users\\fitim\\IdeaProjects\\PythonProject\\PythonProject\\keywords${/}tasks_duration.txt</arg>
<arg>${i}${\n}</arg>
</arguments>
<msg timestamp="20200521 14:33:46.013" level="INFO" html="yes">Appended to file '&lt;a href="file://C:\Users\fitim\IdeaProjects\PythonProject\PythonProject\keywords\tasks_duration.txt"&gt;C:\Users\fitim\IdeaProjects\PythonProject\PythonProject\keywords\tasks_duration.txt&lt;/a&gt;'.</msg>
<status status="PASS" starttime="20200521 14:33:46.013" endtime="20200521 14:33:46.013"></status>
</kw>
<status status="PASS" starttime="20200521 14:33:46.013" endtime="20200521 14:33:46.013"></status>
</kw>
<kw name="${i} =  'task name: CUcwaSession average: 1836.78 max: 10733.0 min: 38.0'" type="foritem">
<kw name="Log" library="BuiltIn">
<doc>Logs the given message with the given level.</doc>
<arguments>
<arg>${i}</arg>
</arguments>
<msg timestamp="20200521 14:33:46.029" level="INFO"> 'task name: CUcwaSession average: 1836.78 max: 10733.0 min: 38.0'</msg>
<status status="PASS" starttime="20200521 14:33:46.029" endtime="20200521 14:33:46.029"></status>
</kw>
<kw name="Append To File" library="OperatingSystem">
<doc>Appends the given content to the specified file.</doc>
<arguments>
<arg>C:\\Users\\fitim\\IdeaProjects\\PythonProject\\PythonProject\\keywords${/}tasks_duration.txt</arg>
<arg>${i}${\n}</arg>
</arguments>
<msg timestamp="20200521 14:33:46.029" level="INFO" html="yes">Appended to file '&lt;a href="file://C:\Users\fitim\IdeaProjects\PythonProject\PythonProject\keywords\tasks_duration.txt"&gt;C:\Users\fitim\IdeaProjects\PythonProject\PythonProject\keywords\tasks_duration.txt&lt;/a&gt;'.</msg>
<status status="PASS" starttime="20200521 14:33:46.029" endtime="20200521 14:33:46.029"></status>
</kw>
<status status="PASS" starttime="20200521 14:33:46.029" endtime="20200521 14:33:46.029"></status>
</kw>
<kw name="${i} =  'task name: CBasePersistableComponent average: 238.0 max: 238.0 min: 238.0'" type="foritem">
<kw name="Log" library="BuiltIn">
<doc>Logs the given message with the given level.</doc>
<arguments>
<arg>${i}</arg>
</arguments>
<msg timestamp="20200521 14:33:46.029" level="INFO"> 'task name: CBasePersistableComponent average: 238.0 max: 238.0 min: 238.0'</msg>
<status status="PASS" starttime="20200521 14:33:46.029" endtime="20200521 14:33:46.029"></status>
</kw>
<kw name="Append To File" library="OperatingSystem">
<doc>Appends the given content to the specified file.</doc>
<arguments>
<arg>C:\\Users\\fitim\\IdeaProjects\\PythonProject\\PythonProject\\keywords${/}tasks_duration.txt</arg>
<arg>${i}${\n}</arg>
</arguments>
<msg timestamp="20200521 14:33:46.029" level="INFO" html="yes">Appended to file '&lt;a href="file://C:\Users\fitim\IdeaProjects\PythonProject\PythonProject\keywords\tasks_duration.txt"&gt;C:\Users\fitim\IdeaProjects\PythonProject\PythonProject\keywords\tasks_duration.txt&lt;/a&gt;'.</msg>
<status status="PASS" starttime="20200521 14:33:46.029" endtime="20200521 14:33:46.029"></status>
</kw>
<status status="PASS" starttime="20200521 14:33:46.029" endtime="20200521 14:33:46.029"></status>
</kw>
<kw name="${i} =  'task name: CBasePersistableComponent average: 1836.78 max: 10733.0 min: 38.0']" type="foritem">
<kw name="Log" library="BuiltIn">
<doc>Logs the given message with the given level.</doc>
<arguments>
<arg>${i}</arg>
</arguments>
<msg timestamp="20200521 14:33:46.029" level="INFO"> 'task name: CBasePersistableComponent average: 1836.78 max: 10733.0 min: 38.0']</msg>
<status status="PASS" starttime="20200521 14:33:46.029" endtime="20200521 14:33:46.029"></status>
</kw>
<kw name="Append To File" library="OperatingSystem">
<doc>Appends the given content to the specified file.</doc>
<arguments>
<arg>C:\\Users\\fitim\\IdeaProjects\\PythonProject\\PythonProject\\keywords${/}tasks_duration.txt</arg>
<arg>${i}${\n}</arg>
</arguments>
<msg timestamp="20200521 14:33:46.029" level="INFO" html="yes">Appended to file '&lt;a href="file://C:\Users\fitim\IdeaProjects\PythonProject\PythonProject\keywords\tasks_duration.txt"&gt;C:\Users\fitim\IdeaProjects\PythonProject\PythonProject\keywords\tasks_duration.txt&lt;/a&gt;'.</msg>
<status status="PASS" starttime="20200521 14:33:46.029" endtime="20200521 14:33:46.029"></status>
</kw>
<status status="PASS" starttime="20200521 14:33:46.029" endtime="20200521 14:33:46.029"></status>
</kw>
<status status="PASS" starttime="20200521 14:33:41.812" endtime="20200521 14:33:46.029"></status>
</kw>
<status status="PASS" starttime="20200521 14:33:41.631" endtime="20200521 14:33:46.029"></status>
</kw>
<status status="PASS" starttime="20200521 14:33:41.631" endtime="20200521 14:33:46.029" critical="yes"></status>
</test>
<status status="FAIL" starttime="20200521 14:33:40.510" endtime="20200521 14:33:46.044"></status>
</suite>
<suite id="s1-s2" name="Suite1" source="C:\Users\fitim\IdeaProjects\PythonProject\PythonProject\testcases\pabot\Suite1.robot">
<kw name="Close All Browsers" library="SeleniumLibrary" type="teardown">
<doc>Closes all open browsers and resets the browser cache.</doc>
<status status="PASS" starttime="20200521 14:33:49.387" endtime="20200521 14:33:49.387"></status>
</kw>
<test id="s1-s2-t1" name="suite1_open_web_page_successfully">
<kw name="Open Browser" library="SeleniumLibrary">
<doc>Opens a new browser instance to the optional ``url``.</doc>
<arguments>
<arg>http://www.fast.com</arg>
<arg>chrome</arg>
<arg>headlesschrome</arg>
</arguments>
<msg timestamp="20200521 14:33:41.025" level="INFO">Opening browser 'chrome' to base url 'http://www.fast.com'.</msg>
<kw name="Capture Page Screenshot" library="SeleniumLibrary">
<doc>Takes a screenshot of the current page and embeds it into a log file.</doc>
<msg timestamp="20200521 14:33:49.374" level="INFO">Cannot capture screenshot because no browser is open.</msg>
<status status="PASS" starttime="20200521 14:33:49.373" endtime="20200521 14:33:49.374"></status>
</kw>
<msg timestamp="20200521 14:33:49.381" level="FAIL">SessionNotCreatedException: Message: session not created: This version of ChromeDriver only supports Chrome version 81
</msg>
<status status="FAIL" starttime="20200521 14:33:41.025" endtime="20200521 14:33:49.381"></status>
</kw>
<status status="FAIL" starttime="20200521 14:33:41.025" endtime="20200521 14:33:49.384" critical="yes">SessionNotCreatedException: Message: session not created: This version of ChromeDriver only supports Chrome version 81
</status>
</test>
<status status="FAIL" starttime="20200521 14:33:40.228" endtime="20200521 14:33:49.387"></status>
</suite>
<suite id="s1-s3" name="Suite2" source="C:\Users\fitim\IdeaProjects\PythonProject\PythonProject\testcases\pabot\Suite2.robot">
<kw name="Close All Browsers" library="SeleniumLibrary" type="teardown">
<doc>Closes all open browsers and resets the browser cache.</doc>
<status status="PASS" starttime="20200521 14:33:49.275" endtime="20200521 14:33:49.276"></status>
</kw>
<test id="s1-s3-t1" name="Check the speed of your broadband">
<kw name="Open Browser" library="SeleniumLibrary">
<doc>Opens a new browser instance to the optional ``url``.</doc>
<arguments>
<arg>http://www.fast.com</arg>
<arg>chrome</arg>
<arg>headlesschrome</arg>
</arguments>
<msg timestamp="20200521 14:33:40.763" level="INFO">Opening browser 'chrome' to base url 'http://www.fast.com'.</msg>
<kw name="Capture Page Screenshot" library="SeleniumLibrary">
<doc>Takes a screenshot of the current page and embeds it into a log file.</doc>
<msg timestamp="20200521 14:33:49.262" level="INFO">Cannot capture screenshot because no browser is open.</msg>
<status status="PASS" starttime="20200521 14:33:49.261" endtime="20200521 14:33:49.262"></status>
</kw>
<msg timestamp="20200521 14:33:49.272" level="FAIL">SessionNotCreatedException: Message: session not created: This version of ChromeDriver only supports Chrome version 81
</msg>
<status status="FAIL" starttime="20200521 14:33:40.763" endtime="20200521 14:33:49.272"></status>
</kw>
<status status="FAIL" starttime="20200521 14:33:40.763" endtime="20200521 14:33:49.272" critical="yes">SessionNotCreatedException: Message: session not created: This version of ChromeDriver only supports Chrome version 81
</status>
</test>
<status status="FAIL" starttime="20200521 14:33:39.873" endtime="20200521 14:33:49.276"></status>
</suite>
<suite id="s1-s4" name="Suite3" source="C:\Users\fitim\IdeaProjects\PythonProject\PythonProject\testcases\pabot\Suite3.robot">
<kw name="Close All Browsers" library="SeleniumLibrary" type="teardown">
<doc>Closes all open browsers and resets the browser cache.</doc>
<status status="PASS" starttime="20200521 14:33:49.512" endtime="20200521 14:33:49.513"></status>
</kw>
<test id="s1-s4-t1" name="Verify static data on web page">
<kw name="Open Browser" library="SeleniumLibrary">
<doc>Opens a new browser instance to the optional ``url``.</doc>
<arguments>
<arg>http://www.fast.com</arg>
<arg>chrome</arg>
<arg>headlesschrome</arg>
</arguments>
<msg timestamp="20200521 14:33:40.669" level="INFO">Opening browser 'chrome' to base url 'http://www.fast.com'.</msg>
<kw name="Capture Page Screenshot" library="SeleniumLibrary">
<doc>Takes a screenshot of the current page and embeds it into a log file.</doc>
<msg timestamp="20200521 14:33:49.502" level="INFO">Cannot capture screenshot because no browser is open.</msg>
<status status="PASS" starttime="20200521 14:33:49.501" endtime="20200521 14:33:49.502"></status>
</kw>
<msg timestamp="20200521 14:33:49.509" level="FAIL">SessionNotCreatedException: Message: session not created: This version of ChromeDriver only supports Chrome version 81
</msg>
<status status="FAIL" starttime="20200521 14:33:40.669" endtime="20200521 14:33:49.509"></status>
</kw>
<status status="FAIL" starttime="20200521 14:33:40.653" endtime="20200521 14:33:49.510" critical="yes">SessionNotCreatedException: Message: session not created: This version of ChromeDriver only supports Chrome version 81
</status>
</test>
<status status="FAIL" starttime="20200521 14:33:39.855" endtime="20200521 14:33:49.513"></status>
</suite>
<doc>[https://pabot.org/?ref=log|Pabot] result from 4 executions.</doc>
<status status="FAIL" starttime="20200521 14:33:39.709" endtime="20200521 14:33:49.517"></status>
</suite>
<statistics>
<total>
<stat pass="1" fail="4">Critical Tests</stat>
<stat pass="1" fail="4">All Tests</stat>
</total>
<tag>
</tag>
<suite>
<stat pass="1" fail="4" id="s1" name="Suites">Suites</stat>
<stat pass="1" fail="1" id="s1-s1" name="Parse-Logs">Suites.Parse-Logs</stat>
<stat pass="0" fail="1" id="s1-s2" name="Suite1">Suites.Suite1</stat>
<stat pass="0" fail="1" id="s1-s3" name="Suite2">Suites.Suite2</stat>
<stat pass="0" fail="1" id="s1-s4" name="Suite3">Suites.Suite3</stat>
</suite>
</statistics>
<errors>
</errors>
</robot>
