<?xml version="1.0" encoding="UTF-8"?>
<robot generator="Robot 3.2.1 (Python 3.7.6 on win32)" generated="20200521 14:33:39.888" rpa="false">
<suite id="s1" name="Suites">
<suite id="s1-s1" name="Suite1" source="C:\Users\fitim\IdeaProjects\PythonProject\PythonProject\testcases\pabot\Suite1.robot">
<test id="s1-s1-t1" name="suite1_open_web_page_successfully">
<kw name="Open Browser" library="SeleniumLibrary">
<doc>Opens a new browser instance to the optional ``url``.</doc>
<arguments>
<arg>http://www.fast.com</arg>
<arg>chrome</arg>
<arg>headlesschrome</arg>
</arguments>
<msg timestamp="20200521 14:33:41.025" level="INFO">Opening browser 'chrome' to base url 'http://www.fast.com'.</msg>
<kw name="Capture Page Screenshot" library="SeleniumLibrary">
<doc>Takes a screenshot of the current page and embeds it into a log file.</doc>
<msg timestamp="20200521 14:33:49.374" level="INFO">Cannot capture screenshot because no browser is open.</msg>
<status status="PASS" starttime="20200521 14:33:49.373" endtime="20200521 14:33:49.374"></status>
</kw>
<msg timestamp="20200521 14:33:49.381" level="FAIL">SessionNotCreatedException: Message: session not created: This version of ChromeDriver only supports Chrome version 81
</msg>
<status status="FAIL" starttime="20200521 14:33:41.025" endtime="20200521 14:33:49.381"></status>
</kw>
<status status="FAIL" starttime="20200521 14:33:41.025" endtime="20200521 14:33:49.384" critical="yes">SessionNotCreatedException: Message: session not created: This version of ChromeDriver only supports Chrome version 81
</status>
</test>
<kw name="Close All Browsers" library="SeleniumLibrary" type="teardown">
<doc>Closes all open browsers and resets the browser cache.</doc>
<status status="PASS" starttime="20200521 14:33:49.387" endtime="20200521 14:33:49.387"></status>
</kw>
<status status="FAIL" starttime="20200521 14:33:40.228" endtime="20200521 14:33:49.387"></status>
</suite>
<status status="FAIL" starttime="20200521 14:33:40.037" endtime="20200521 14:33:49.391"></status>
</suite>
<statistics>
<total>
<stat pass="0" fail="1">Critical Tests</stat>
<stat pass="0" fail="1">All Tests</stat>
</total>
<tag>
</tag>
<suite>
<stat pass="0" fail="1" id="s1" name="Suites">Suites</stat>
<stat pass="0" fail="1" id="s1-s1" name="Suite1">Suites.Suite1</stat>
</suite>
</statistics>
<errors>
</errors>
</robot>
