<?xml version="1.0" encoding="UTF-8"?>
<robot generator="Robot 3.1.2 (Python 3.7.6 on win32)" generated="20200315 13:42:51.349" rpa="false">
<suite id="s1" name="Suites">
<suite id="s1-s1" name="Suite1" source="C:\Users\fitim\IdeaProjects\PythonProject\.idea\com\python\pabot\Suite1.robot">
<test id="s1-s1-t1" name="suite1_open_web_page_successfully">
<kw name="Open Browser" library="SeleniumLibrary">
<doc>Opens a new browser instance to the optional ``url``.</doc>
<arguments>
<arg>http://www.fast.com</arg>
<arg>chrome</arg>
</arguments>
<msg timestamp="20200315 13:42:52.147" level="INFO">Opening browser 'chrome' to base url 'http://www.fast.com'.</msg>
<status status="PASS" starttime="20200315 13:42:52.145" endtime="20200315 13:43:13.639"></status>
</kw>
<kw name="Sleep" library="BuiltIn">
<doc>Pauses the test executed for the given time.</doc>
<arguments>
<arg>10</arg>
</arguments>
<msg timestamp="20200315 13:43:23.643" level="INFO">Slept 10 seconds</msg>
<status status="PASS" starttime="20200315 13:43:13.639" endtime="20200315 13:43:23.650"></status>
</kw>
<kw name="Capture Page Screenshot" library="SeleniumLibrary">
<doc>Takes a screenshot of the current page and embeds it into a log file.</doc>
<msg timestamp="20200315 13:43:26.871" level="INFO" html="yes">&lt;/td&gt;&lt;/tr&gt;&lt;tr&gt;&lt;td colspan="3"&gt;&lt;a href="selenium-screenshot-1.png"&gt;&lt;img src="selenium-screenshot-1.png" width="800px"&gt;&lt;/a&gt;</msg>
<status status="PASS" starttime="20200315 13:43:23.650" endtime="20200315 13:43:26.871"></status>
</kw>
<kw name="Close Browser" library="SeleniumLibrary">
<doc>Closes the current browser.</doc>
<status status="PASS" starttime="20200315 13:43:26.872" endtime="20200315 13:43:39.673"></status>
</kw>
<status status="PASS" starttime="20200315 13:42:52.143" endtime="20200315 13:43:39.673" critical="yes"></status>
</test>
<status status="PASS" starttime="20200315 13:42:51.522" endtime="20200315 13:43:39.675"></status>
</suite>
<status status="PASS" starttime="20200315 13:42:51.415" endtime="20200315 13:43:39.681"></status>
</suite>
<statistics>
<total>
<stat pass="1" fail="0">Critical Tests</stat>
<stat pass="1" fail="0">All Tests</stat>
</total>
<tag>
</tag>
<suite>
<stat pass="1" fail="0" id="s1" name="Suites">Suites</stat>
<stat pass="1" fail="0" id="s1-s1" name="Suite1">Suites.Suite1</stat>
</suite>
</statistics>
<errors>
</errors>
</robot>
