<?xml version="1.0" encoding="UTF-8"?>
<robot generator="Robot 3.2.1 (Python 3.7.6 on win32)" generated="20200521 14:33:39.709" rpa="false">
<suite id="s1" name="Suites">
<suite id="s1-s1" name="Suite3" source="C:\Users\fitim\IdeaProjects\PythonProject\PythonProject\testcases\pabot\Suite3.robot">
<test id="s1-s1-t1" name="Verify static data on web page">
<kw name="Open Browser" library="SeleniumLibrary">
<doc>Opens a new browser instance to the optional ``url``.</doc>
<arguments>
<arg>http://www.fast.com</arg>
<arg>chrome</arg>
<arg>headlesschrome</arg>
</arguments>
<msg timestamp="20200521 14:33:40.669" level="INFO">Opening browser 'chrome' to base url 'http://www.fast.com'.</msg>
<kw name="Capture Page Screenshot" library="SeleniumLibrary">
<doc>Takes a screenshot of the current page and embeds it into a log file.</doc>
<msg timestamp="20200521 14:33:49.502" level="INFO">Cannot capture screenshot because no browser is open.</msg>
<status status="PASS" starttime="20200521 14:33:49.501" endtime="20200521 14:33:49.502"></status>
</kw>
<msg timestamp="20200521 14:33:49.509" level="FAIL">SessionNotCreatedException: Message: session not created: This version of ChromeDriver only supports Chrome version 81
</msg>
<status status="FAIL" starttime="20200521 14:33:40.669" endtime="20200521 14:33:49.509"></status>
</kw>
<status status="FAIL" starttime="20200521 14:33:40.653" endtime="20200521 14:33:49.510" critical="yes">SessionNotCreatedException: Message: session not created: This version of ChromeDriver only supports Chrome version 81
</status>
</test>
<kw name="Close All Browsers" library="SeleniumLibrary" type="teardown">
<doc>Closes all open browsers and resets the browser cache.</doc>
<status status="PASS" starttime="20200521 14:33:49.512" endtime="20200521 14:33:49.513"></status>
</kw>
<status status="FAIL" starttime="20200521 14:33:39.855" endtime="20200521 14:33:49.513"></status>
</suite>
<status status="FAIL" starttime="20200521 14:33:39.709" endtime="20200521 14:33:49.517"></status>
</suite>
<statistics>
<total>
<stat pass="0" fail="1">Critical Tests</stat>
<stat pass="0" fail="1">All Tests</stat>
</total>
<tag>
</tag>
<suite>
<stat pass="0" fail="1" id="s1" name="Suites">Suites</stat>
<stat pass="0" fail="1" id="s1-s1" name="Suite3">Suites.Suite3</stat>
</suite>
</statistics>
<errors>
</errors>
</robot>
