<?xml version="1.0" encoding="UTF-8"?>
<robot generator="Robot 3.1.2 (Python 3.7.6 on win32)" generated="20200315 13:42:50.864" rpa="false">
<suite id="s1" name="Suites">
<suite id="s1-s1" name="Suite3" source="C:\Users\fitim\IdeaProjects\PythonProject\.idea\com\python\pabot\Suite3.robot">
<test id="s1-s1-t1" name="Verify static data on web page">
<kw name="Open Browser" library="SeleniumLibrary">
<doc>Opens a new browser instance to the optional ``url``.</doc>
<arguments>
<arg>http://www.fast.com</arg>
<arg>chrome</arg>
</arguments>
<msg timestamp="20200315 13:42:51.704" level="INFO">Opening browser 'chrome' to base url 'http://www.fast.com'.</msg>
<status status="PASS" starttime="20200315 13:42:51.704" endtime="20200315 13:43:03.163"></status>
</kw>
<kw name="Sleep" library="BuiltIn">
<doc>Pauses the test executed for the given time.</doc>
<arguments>
<arg>5</arg>
</arguments>
<msg timestamp="20200315 13:43:08.166" level="INFO">Slept 5 seconds</msg>
<status status="PASS" starttime="20200315 13:43:03.164" endtime="20200315 13:43:08.166"></status>
</kw>
<kw name="Click Element" library="SeleniumLibrary">
<doc>Click the element identified by ``locator``.</doc>
<arguments>
<arg>xpath=//div[3]/div/div/div</arg>
</arguments>
<msg timestamp="20200315 13:43:08.167" level="INFO">Clicking element 'xpath=//div[3]/div/div/div'.</msg>
<kw name="Capture Page Screenshot" library="SeleniumLibrary">
<doc>Takes a screenshot of the current page and embeds it into a log file.</doc>
<msg timestamp="20200315 13:43:28.863" level="INFO" html="yes">&lt;/td&gt;&lt;/tr&gt;&lt;tr&gt;&lt;td colspan="3"&gt;&lt;a href="selenium-screenshot-1.png"&gt;&lt;img src="selenium-screenshot-1.png" width="800px"&gt;&lt;/a&gt;</msg>
<status status="PASS" starttime="20200315 13:43:28.190" endtime="20200315 13:43:28.863"></status>
</kw>
<msg timestamp="20200315 13:43:28.875" level="FAIL">ElementClickInterceptedException: Message: element click intercepted: Element &lt;div class="spinner"&gt;...&lt;/div&gt; is not clickable at point (693, 324). Other element would receive the click: &lt;span class="oc-icon speed-progress-indicator-icon oc-icon-refresh" id="speed-progress-indicator-icon"&gt;...&lt;/span&gt;
  (Session info: chrome=80.0.3987.132)
</msg>
<status status="FAIL" starttime="20200315 13:43:08.167" endtime="20200315 13:43:28.876"></status>
</kw>
<status status="FAIL" starttime="20200315 13:42:51.701" endtime="20200315 13:43:28.876" critical="yes">ElementClickInterceptedException: Message: element click intercepted: Element &lt;div class="spinner"&gt;...&lt;/div&gt; is not clickable at point (693, 324). Other element would receive the click: &lt;span class="oc-icon speed-progress-indicator-icon oc-icon-refresh" id="speed-progress-indicator-icon"&gt;...&lt;/span&gt;
  (Session info: chrome=80.0.3987.132)
</status>
</test>
<status status="FAIL" starttime="20200315 13:42:51.022" endtime="20200315 13:43:28.885"></status>
</suite>
<status status="FAIL" starttime="20200315 13:42:50.925" endtime="20200315 13:43:28.890"></status>
</suite>
<statistics>
<total>
<stat pass="0" fail="1">Critical Tests</stat>
<stat pass="0" fail="1">All Tests</stat>
</total>
<tag>
</tag>
<suite>
<stat pass="0" fail="1" id="s1" name="Suites">Suites</stat>
<stat pass="0" fail="1" id="s1-s1" name="Suite3">Suites.Suite3</stat>
</suite>
</statistics>
<errors>
</errors>
</robot>
